<?xml version="1.0" encoding="UTF-8"?>
<coverage generated="1772993255655" clover="3.2.0">
  <project timestamp="1772993255655" name="All files">
    <metrics statements="47" coveredstatements="47" conditionals="56" coveredconditionals="49" methods="9" coveredmethods="9" elements="112" coveredelements="105" complexity="0" loc="47" ncloc="47" packages="2" files="2" classes="2"/>
    <package name="constants">
      <metrics statements="2" coveredstatements="2" conditionals="0" coveredconditionals="0" methods="0" coveredmethods="0"/>
      <file name="exerciseMetadata.js" path="/Users/zack/Desktop/NeuroBloom/constants/exerciseMetadata.js">
        <metrics statements="2" coveredstatements="2" conditionals="0" coveredconditionals="0" methods="0" coveredmethods="0"/>
        <line num="4" count="2" type="stmt"/>
        <line num="92" count="2" type="stmt"/>
      </file>
    </package>
    <package name="services">
      <metrics statements="45" coveredstatements="45" conditionals="56" coveredconditionals="49" methods="9" coveredmethods="9"/>
      <file name="RecommendationService.js" path="/Users/zack/Desktop/NeuroBloom/services/RecommendationService.js">
        <metrics statements="45" coveredstatements="45" conditionals="56" coveredconditionals="49" methods="9" coveredmethods="9"/>
        <line num="16" count="14" type="cond" truecount="2" falsecount="0"/>
        <line num="18" count="13" type="stmt"/>
        <line num="21" count="13" type="cond" truecount="5" falsecount="0"/>
        <line num="22" count="13" type="cond" truecount="2" falsecount="0"/>
        <line num="24" count="12" type="cond" truecount="1" falsecount="1"/>
        <line num="25" count="12" type="cond" truecount="1" falsecount="1"/>
        <line num="28" count="12" type="stmt"/>
        <line num="29" count="84" type="stmt"/>
        <line num="30" count="84" type="cond" truecount="1" falsecount="1"/>
        <line num="33" count="84" type="cond" truecount="2" falsecount="0"/>
        <line num="34" count="7" type="cond" truecount="5" falsecount="0"/>
        <line num="35" count="3" type="stmt"/>
        <line num="38" count="81" type="cond" truecount="4" falsecount="0"/>
        <line num="39" count="1" type="stmt"/>
        <line num="41" count="80" type="cond" truecount="4" falsecount="0"/>
        <line num="42" count="6" type="stmt"/>
        <line num="46" count="74" type="stmt"/>
        <line num="49" count="74" type="stmt"/>
        <line num="50" count="81" type="cond" truecount="2" falsecount="0"/>
        <line num="51" count="75" type="stmt"/>
        <line num="56" count="74" type="cond" truecount="1" falsecount="1"/>
        <line num="59" count="74" type="cond" truecount="6" falsecount="0"/>
        <line num="60" count="6" type="stmt"/>
        <line num="63" count="74" type="cond" truecount="1" falsecount="1"/>
        <line num="65" count="74" type="stmt"/>
        <line num="69" count="84" type="stmt"/>
        <line num="70" count="125" type="stmt"/>
        <line num="72" count="57" type="stmt"/>
        <line num="78" count="74" type="stmt"/>
        <line num="85" count="12" type="stmt"/>
        <line num="96" count="13" type="cond" truecount="4" falsecount="0"/>
        <line num="97" count="11" type="cond" truecount="2" falsecount="0"/>
        <line num="100" count="10" type="stmt"/>
        <line num="101" count="10" type="stmt"/>
        <line num="102" count="10" type="stmt"/>
        <line num="103" count="40" type="stmt"/>
        <line num="105" count="10" type="stmt"/>
        <line num="116" count="8" type="cond" truecount="4" falsecount="0"/>
        <line num="119" count="20" type="stmt"/>
        <line num="120" count="5" type="cond" truecount="2" falsecount="0"/>
        <line num="123" count="4" type="stmt"/>
        <line num="124" count="4" type="stmt"/>
        <line num="125" count="4" type="stmt"/>
        <line num="126" count="7" type="stmt"/>
        <line num="128" count="4" type="stmt"/>
      </file>
    </package>
  </project>
</coverage>
