{"/Users/zack/Desktop/NeuroBloom/constants/exerciseMetadata.js": {"path":"/Users/zack/Desktop/NeuroBloom/constants/exerciseMetadata.js","statementMap":{"0":{"start":{"line":4,"column":33},"end":{"line":89,"column":1}},"1":{"start":{"line":92,"column":30},"end":{"line":97,"column":1}}},"fnMap":{},"branchMap":{},"s":{"0":2,"1":2},"f":{},"b":{},"_coverageSchema":"1a1c01bbd47fc00a2c39e90264f33305004495a9","hash":"7ca02901680146f533aef821605ed2043f9ba5d7"}
,"/Users/zack/Desktop/NeuroBloom/services/RecommendationService.js": {"path":"/Users/zack/Desktop/NeuroBloom/services/RecommendationService.js","statementMap":{"0":{"start":{"line":16,"column":4},"end":{"line":16,"column":68}},"1":{"start":{"line":16,"column":22},"end":{"line":16,"column":68}},"2":{"start":{"line":18,"column":80},"end":{"line":18,"column":91}},"3":{"start":{"line":21,"column":27},"end":{"line":21,"column":124}},"4":{"start":{"line":22,"column":4},"end":{"line":22,"column":71}},"5":{"start":{"line":22,"column":25},"end":{"line":22,"column":71}},"6":{"start":{"line":24,"column":28},"end":{"line":24,"column":73}},"7":{"start":{"line":25,"column":18},"end":{"line":25,"column":45}},"8":{"start":{"line":28,"column":19},"end":{"line":66,"column":6}},"9":{"start":{"line":29,"column":21},"end":{"line":29,"column":51}},"10":{"start":{"line":30,"column":8},"end":{"line":30,"column":63}},"11":{"start":{"line":30,"column":19},"end":{"line":30,"column":63}},"12":{"start":{"line":33,"column":8},"end":{"line":37,"column":9}},"13":{"start":{"line":34,"column":12},"end":{"line":36,"column":13}},"14":{"start":{"line":35,"column":16},"end":{"line":35,"column":61}},"15":{"start":{"line":38,"column":8},"end":{"line":40,"column":9}},"16":{"start":{"line":39,"column":12},"end":{"line":39,"column":57}},"17":{"start":{"line":41,"column":8},"end":{"line":43,"column":9}},"18":{"start":{"line":42,"column":12},"end":{"line":42,"column":57}},"19":{"start":{"line":46,"column":20},"end":{"line":46,"column":21}},"20":{"start":{"line":49,"column":8},"end":{"line":53,"column":9}},"21":{"start":{"line":50,"column":12},"end":{"line":52,"column":13}},"22":{"start":{"line":51,"column":16},"end":{"line":51,"column":27}},"23":{"start":{"line":56,"column":8},"end":{"line":56,"column":49}},"24":{"start":{"line":59,"column":8},"end":{"line":61,"column":9}},"25":{"start":{"line":60,"column":12},"end":{"line":60,"column":23}},"26":{"start":{"line":63,"column":23},"end":{"line":63,"column":89}},"27":{"start":{"line":65,"column":8},"end":{"line":65,"column":43}},"28":{"start":{"line":69,"column":18},"end":{"line":69,"column":50}},"29":{"start":{"line":69,"column":37},"end":{"line":69,"column":49}},"30":{"start":{"line":70,"column":4},"end":{"line":70,"column":44}},"31":{"start":{"line":70,"column":25},"end":{"line":70,"column":42}},"32":{"start":{"line":72,"column":24},"end":{"line":76,"column":7}},"33":{"start":{"line":72,"column":52},"end":{"line":76,"column":5}},"34":{"start":{"line":78,"column":16},"end":{"line":83,"column":7}},"35":{"start":{"line":78,"column":32},"end":{"line":83,"column":5}},"36":{"start":{"line":85,"column":4},"end":{"line":85,"column":32}},"37":{"start":{"line":96,"column":4},"end":{"line":96,"column":60}},"38":{"start":{"line":96,"column":50},"end":{"line":96,"column":60}},"39":{"start":{"line":97,"column":4},"end":{"line":97,"column":52}},"40":{"start":{"line":97,"column":33},"end":{"line":97,"column":52}},"41":{"start":{"line":100,"column":18},"end":{"line":100,"column":48}},"42":{"start":{"line":101,"column":17},"end":{"line":101,"column":19}},"43":{"start":{"line":102,"column":4},"end":{"line":104,"column":5}},"44":{"start":{"line":102,"column":17},"end":{"line":102,"column":18}},"45":{"start":{"line":103,"column":8},"end":{"line":103,"column":65}},"46":{"start":{"line":105,"column":4},"end":{"line":105,"column":16}},"47":{"start":{"line":116,"column":4},"end":{"line":116,"column":95}},"48":{"start":{"line":116,"column":50},"end":{"line":116,"column":95}},"49":{"start":{"line":119,"column":25},"end":{"line":119,"column":79}},"50":{"start":{"line":119,"column":50},"end":{"line":119,"column":78}},"51":{"start":{"line":120,"column":4},"end":{"line":120,"column":100}},"52":{"start":{"line":120,"column":35},"end":{"line":120,"column":100}},"53":{"start":{"line":123,"column":18},"end":{"line":123,"column":49}},"54":{"start":{"line":124,"column":17},"end":{"line":124,"column":19}},"55":{"start":{"line":125,"column":4},"end":{"line":127,"column":5}},"56":{"start":{"line":125,"column":17},"end":{"line":125,"column":18}},"57":{"start":{"line":126,"column":8},"end":{"line":126,"column":67}},"58":{"start":{"line":128,"column":4},"end":{"line":128,"column":50}}},"fnMap":{"0":{"name":"getRecommendedExercises","decl":{"start":{"line":15,"column":16},"end":{"line":15,"column":39}},"loc":{"start":{"line":15,"column":67},"end":{"line":86,"column":1}},"line":15},"1":{"name":"(anonymous_1)","decl":{"start":{"line":28,"column":36},"end":{"line":28,"column":37}},"loc":{"start":{"line":28,"column":48},"end":{"line":66,"column":5}},"line":28},"2":{"name":"(anonymous_2)","decl":{"start":{"line":69,"column":32},"end":{"line":69,"column":33}},"loc":{"start":{"line":69,"column":37},"end":{"line":69,"column":49}},"line":69},"3":{"name":"(anonymous_3)","decl":{"start":{"line":70,"column":15},"end":{"line":70,"column":16}},"loc":{"start":{"line":70,"column":25},"end":{"line":70,"column":42}},"line":70},"4":{"name":"(anonymous_4)","decl":{"start":{"line":72,"column":46},"end":{"line":72,"column":47}},"loc":{"start":{"line":72,"column":52},"end":{"line":76,"column":5}},"line":72},"5":{"name":"(anonymous_5)","decl":{"start":{"line":78,"column":26},"end":{"line":78,"column":27}},"loc":{"start":{"line":78,"column":32},"end":{"line":83,"column":5}},"line":78},"6":{"name":"getDailyPlan","decl":{"start":{"line":95,"column":16},"end":{"line":95,"column":28}},"loc":{"start":{"line":95,"column":75},"end":{"line":106,"column":1}},"line":95},"7":{"name":"getBadDayPlan","decl":{"start":{"line":115,"column":16},"end":{"line":115,"column":29}},"loc":{"start":{"line":115,"column":76},"end":{"line":129,"column":1}},"line":115},"8":{"name":"(anonymous_8)","decl":{"start":{"line":119,"column":44},"end":{"line":119,"column":45}},"loc":{"start":{"line":119,"column":50},"end":{"line":119,"column":78}},"line":119}},"branchMap":{"0":{"loc":{"start":{"line":16,"column":4},"end":{"line":16,"column":68}},"type":"if","locations":[{"start":{"line":16,"column":4},"end":{"line":16,"column":68}},{"start":{},"end":{}}],"line":16},"1":{"loc":{"start":{"line":21,"column":27},"end":{"line":21,"column":124}},"type":"binary-expr","locations":[{"start":{"line":21,"column":28},"end":{"line":21,"column":39}},{"start":{"line":21,"column":43},"end":{"line":21,"column":65}},{"start":{"line":21,"column":70},"end":{"line":21,"column":83}},{"start":{"line":21,"column":87},"end":{"line":21,"column":106}},{"start":{"line":21,"column":110},"end":{"line":21,"column":124}}],"line":21},"2":{"loc":{"start":{"line":22,"column":4},"end":{"line":22,"column":71}},"type":"if","locations":[{"start":{"line":22,"column":4},"end":{"line":22,"column":71}},{"start":{},"end":{}}],"line":22},"3":{"loc":{"start":{"line":24,"column":28},"end":{"line":24,"column":73}},"type":"cond-expr","locations":[{"start":{"line":24,"column":57},"end":{"line":24,"column":68}},{"start":{"line":24,"column":71},"end":{"line":24,"column":73}}],"line":24},"4":{"loc":{"start":{"line":25,"column":18},"end":{"line":25,"column":45}},"type":"binary-expr","locations":[{"start":{"line":25,"column":18},"end":{"line":25,"column":32}},{"start":{"line":25,"column":36},"end":{"line":25,"column":45}}],"line":25},"5":{"loc":{"start":{"line":30,"column":8},"end":{"line":30,"column":63}},"type":"if","locations":[{"start":{"line":30,"column":8},"end":{"line":30,"column":63}},{"start":{},"end":{}}],"line":30},"6":{"loc":{"start":{"line":33,"column":8},"end":{"line":37,"column":9}},"type":"if","locations":[{"start":{"line":33,"column":8},"end":{"line":37,"column":9}},{"start":{},"end":{}}],"line":33},"7":{"loc":{"start":{"line":34,"column":12},"end":{"line":36,"column":13}},"type":"if","locations":[{"start":{"line":34,"column":12},"end":{"line":36,"column":13}},{"start":{},"end":{}}],"line":34},"8":{"loc":{"start":{"line":34,"column":16},"end":{"line":34,"column":115}},"type":"binary-expr","locations":[{"start":{"line":34,"column":16},"end":{"line":34,"column":35}},{"start":{"line":34,"column":39},"end":{"line":34,"column":73}},{"start":{"line":34,"column":77},"end":{"line":34,"column":115}}],"line":34},"9":{"loc":{"start":{"line":38,"column":8},"end":{"line":40,"column":9}},"type":"if","locations":[{"start":{"line":38,"column":8},"end":{"line":40,"column":9}},{"start":{},"end":{}}],"line":38},"10":{"loc":{"start":{"line":38,"column":12},"end":{"line":38,"column":84}},"type":"binary-expr","locations":[{"start":{"line":38,"column":12},"end":{"line":38,"column":46}},{"start":{"line":38,"column":50},"end":{"line":38,"column":84}}],"line":38},"11":{"loc":{"start":{"line":41,"column":8},"end":{"line":43,"column":9}},"type":"if","locations":[{"start":{"line":41,"column":8},"end":{"line":43,"column":9}},{"start":{},"end":{}}],"line":41},"12":{"loc":{"start":{"line":41,"column":12},"end":{"line":41,"column":64}},"type":"binary-expr","locations":[{"start":{"line":41,"column":12},"end":{"line":41,"column":29}},{"start":{"line":41,"column":33},"end":{"line":41,"column":64}}],"line":41},"13":{"loc":{"start":{"line":50,"column":12},"end":{"line":52,"column":13}},"type":"if","locations":[{"start":{"line":50,"column":12},"end":{"line":52,"column":13}},{"start":{},"end":{}}],"line":50},"14":{"loc":{"start":{"line":56,"column":17},"end":{"line":56,"column":48}},"type":"binary-expr","locations":[{"start":{"line":56,"column":17},"end":{"line":56,"column":43}},{"start":{"line":56,"column":47},"end":{"line":56,"column":48}}],"line":56},"15":{"loc":{"start":{"line":59,"column":8},"end":{"line":61,"column":9}},"type":"if","locations":[{"start":{"line":59,"column":8},"end":{"line":61,"column":9}},{"start":{},"end":{}}],"line":59},"16":{"loc":{"start":{"line":59,"column":12},"end":{"line":59,"column":103}},"type":"binary-expr","locations":[{"start":{"line":59,"column":12},"end":{"line":59,"column":27}},{"start":{"line":59,"column":31},"end":{"line":59,"column":44}},{"start":{"line":59,"column":48},"end":{"line":59,"column":72}},{"start":{"line":59,"column":76},"end":{"line":59,"column":103}}],"line":59},"17":{"loc":{"start":{"line":63,"column":23},"end":{"line":63,"column":89}},"type":"binary-expr","locations":[{"start":{"line":63,"column":23},"end":{"line":63,"column":54}},{"start":{"line":63,"column":58},"end":{"line":63,"column":89}}],"line":63},"18":{"loc":{"start":{"line":95,"column":42},"end":{"line":95,"column":73}},"type":"default-arg","locations":[{"start":{"line":95,"column":54},"end":{"line":95,"column":73}}],"line":95},"19":{"loc":{"start":{"line":96,"column":4},"end":{"line":96,"column":60}},"type":"if","locations":[{"start":{"line":96,"column":4},"end":{"line":96,"column":60}},{"start":{},"end":{}}],"line":96},"20":{"loc":{"start":{"line":96,"column":8},"end":{"line":96,"column":48}},"type":"binary-expr","locations":[{"start":{"line":96,"column":8},"end":{"line":96,"column":20}},{"start":{"line":96,"column":24},"end":{"line":96,"column":48}}],"line":96},"21":{"loc":{"start":{"line":97,"column":4},"end":{"line":97,"column":52}},"type":"if","locations":[{"start":{"line":97,"column":4},"end":{"line":97,"column":52}},{"start":{},"end":{}}],"line":97},"22":{"loc":{"start":{"line":115,"column":43},"end":{"line":115,"column":74}},"type":"default-arg","locations":[{"start":{"line":115,"column":55},"end":{"line":115,"column":74}}],"line":115},"23":{"loc":{"start":{"line":116,"column":4},"end":{"line":116,"column":95}},"type":"if","locations":[{"start":{"line":116,"column":4},"end":{"line":116,"column":95}},{"start":{},"end":{}}],"line":116},"24":{"loc":{"start":{"line":116,"column":8},"end":{"line":116,"column":48}},"type":"binary-expr","locations":[{"start":{"line":116,"column":8},"end":{"line":116,"column":20}},{"start":{"line":116,"column":24},"end":{"line":116,"column":48}}],"line":116},"25":{"loc":{"start":{"line":120,"column":4},"end":{"line":120,"column":100}},"type":"if","locations":[{"start":{"line":120,"column":4},"end":{"line":120,"column":100}},{"start":{},"end":{}}],"line":120}},"s":{"0":14,"1":1,"2":13,"3":13,"4":13,"5":1,"6":12,"7":12,"8":12,"9":84,"10":84,"11":0,"12":84,"13":7,"14":3,"15":81,"16":1,"17":80,"18":6,"19":74,"20":74,"21":81,"22":75,"23":74,"24":74,"25":6,"26":74,"27":74,"28":12,"29":84,"30":12,"31":125,"32":12,"33":57,"34":12,"35":74,"36":12,"37":13,"38":2,"39":11,"40":1,"41":10,"42":10,"43":10,"44":10,"45":40,"46":10,"47":8,"48":3,"49":5,"50":20,"51":5,"52":1,"53":4,"54":4,"55":4,"56":4,"57":7,"58":4},"f":{"0":14,"1":84,"2":84,"3":125,"4":57,"5":74,"6":13,"7":8,"8":20},"b":{"0":[1,13],"1":[13,12,1,1,1],"2":[1,12],"3":[12,0],"4":[12,0],"5":[0,84],"6":[7,77],"7":[3,4],"8":[7,4,4],"9":[1,80],"10":[81,7],"11":[6,74],"12":[80,14],"13":[75,6],"14":[74,0],"15":[6,68],"16":[74,32,12,9],"17":[74,0],"18":[0],"19":[2,11],"20":[13,12],"21":[1,10],"22":[0],"23":[3,5],"24":[8,7],"25":[1,4]},"_coverageSchema":"1a1c01bbd47fc00a2c39e90264f33305004495a9","hash":"c099419a448a82e9cd1f81f9b2576ac46ba8d19b"}
}
