{"/Users/zack/Desktop/NeuroBloom/components/Button.js": {"path":"/Users/zack/Desktop/NeuroBloom/components/Button.js","statementMap":{"0":{"start":{"line":5,"column":29},"end":{"line":9,"column":1}},"1":{"start":{"line":6,"column":4},"end":{"line":8,"column":23}},"2":{"start":{"line":11,"column":31},"end":{"line":15,"column":1}},"3":{"start":{"line":12,"column":4},"end":{"line":14,"column":23}},"4":{"start":{"line":17,"column":15},"end":{"line":44,"column":2}}},"fnMap":{"0":{"name":"(anonymous_0)","decl":{"start":{"line":5,"column":29},"end":{"line":5,"column":30}},"loc":{"start":{"line":6,"column":4},"end":{"line":8,"column":23}},"line":6},"1":{"name":"(anonymous_1)","decl":{"start":{"line":11,"column":31},"end":{"line":11,"column":32}},"loc":{"start":{"line":12,"column":4},"end":{"line":14,"column":23}},"line":12}},"branchMap":{},"s":{"0":1,"1":11,"2":1,"3":11,"4":1},"f":{"0":11,"1":11},"b":{},"_coverageSchema":"1a1c01bbd47fc00a2c39e90264f33305004495a9","hash":"d38fee3aa8185842640268d392a80646f6e10443"}
,"/Users/zack/Desktop/NeuroBloom/components/ScreenWrapper.js": {"path":"/Users/zack/Desktop/NeuroBloom/components/ScreenWrapper.js","statementMap":{"0":{"start":{"line":7,"column":4},"end":{"line":13,"column":6}},"1":{"start":{"line":16,"column":15},"end":{"line":24,"column":2}}},"fnMap":{"0":{"name":"ScreenWrapper","decl":{"start":{"line":6,"column":16},"end":{"line":6,"column":29}},"loc":{"start":{"line":6,"column":51},"end":{"line":14,"column":1}},"line":6}},"branchMap":{},"s":{"0":8,"1":1},"f":{"0":8},"b":{},"_coverageSchema":"1a1c01bbd47fc00a2c39e90264f33305004495a9","hash":"da1a75b861c102994873bc49efa3e9860761d0e8"}
,"/Users/zack/Desktop/NeuroBloom/components/TabBar.js": {"path":"/Users/zack/Desktop/NeuroBloom/components/TabBar.js","statementMap":{"0":{"start":{"line":6,"column":4},"end":{"line":67,"column":6}},"1":{"start":{"line":9,"column":36},"end":{"line":9,"column":58}},"2":{"start":{"line":11,"column":20},"end":{"line":15,"column":40}},"3":{"start":{"line":17,"column":34},"end":{"line":17,"column":55}},"4":{"start":{"line":19,"column":32},"end":{"line":29,"column":17}},"5":{"start":{"line":20,"column":34},"end":{"line":24,"column":22}},"6":{"start":{"line":26,"column":20},"end":{"line":28,"column":21}},"7":{"start":{"line":27,"column":24},"end":{"line":27,"column":70}},"8":{"start":{"line":31,"column":36},"end":{"line":36,"column":17}},"9":{"start":{"line":32,"column":20},"end":{"line":35,"column":23}},"10":{"start":{"line":39,"column":16},"end":{"line":42,"column":79}},"11":{"start":{"line":39,"column":43},"end":{"line":39,"column":64}},"12":{"start":{"line":40,"column":21},"end":{"line":42,"column":79}},"13":{"start":{"line":40,"column":53},"end":{"line":40,"column":78}},"14":{"start":{"line":41,"column":21},"end":{"line":42,"column":79}},"15":{"start":{"line":41,"column":49},"end":{"line":41,"column":79}},"16":{"start":{"line":42,"column":21},"end":{"line":42,"column":79}},"17":{"start":{"line":42,"column":52},"end":{"line":42,"column":79}},"18":{"start":{"line":44,"column":30},"end":{"line":44,"column":79}},"19":{"start":{"line":46,"column":16},"end":{"line":64,"column":18}},"20":{"start":{"line":70,"column":15},"end":{"line":112,"column":2}}},"fnMap":{"0":{"name":"TabBar","decl":{"start":{"line":5,"column":16},"end":{"line":5,"column":22}},"loc":{"start":{"line":5,"column":59},"end":{"line":68,"column":1}},"line":5},"1":{"name":"(anonymous_1)","decl":{"start":{"line":8,"column":30},"end":{"line":8,"column":31}},"loc":{"start":{"line":8,"column":48},"end":{"line":65,"column":13}},"line":8},"2":{"name":"(anonymous_2)","decl":{"start":{"line":19,"column":32},"end":{"line":19,"column":33}},"loc":{"start":{"line":19,"column":38},"end":{"line":29,"column":17}},"line":19},"3":{"name":"(anonymous_3)","decl":{"start":{"line":31,"column":36},"end":{"line":31,"column":37}},"loc":{"start":{"line":31,"column":42},"end":{"line":36,"column":17}},"line":31}},"branchMap":{"0":{"loc":{"start":{"line":11,"column":20},"end":{"line":15,"column":40}},"type":"cond-expr","locations":[{"start":{"line":12,"column":26},"end":{"line":12,"column":45}},{"start":{"line":13,"column":26},"end":{"line":15,"column":40}}],"line":11},"1":{"loc":{"start":{"line":13,"column":26},"end":{"line":15,"column":40}},"type":"cond-expr","locations":[{"start":{"line":14,"column":30},"end":{"line":14,"column":43}},{"start":{"line":15,"column":30},"end":{"line":15,"column":40}}],"line":13},"2":{"loc":{"start":{"line":26,"column":20},"end":{"line":28,"column":21}},"type":"if","locations":[{"start":{"line":26,"column":20},"end":{"line":28,"column":21}},{"start":{},"end":{}}],"line":26},"3":{"loc":{"start":{"line":26,"column":24},"end":{"line":26,"column":61}},"type":"binary-expr","locations":[{"start":{"line":26,"column":24},"end":{"line":26,"column":34}},{"start":{"line":26,"column":38},"end":{"line":26,"column":61}}],"line":26},"4":{"loc":{"start":{"line":39,"column":16},"end":{"line":42,"column":79}},"type":"if","locations":[{"start":{"line":39,"column":16},"end":{"line":42,"column":79}},{"start":{"line":40,"column":21},"end":{"line":42,"column":79}}],"line":39},"5":{"loc":{"start":{"line":40,"column":21},"end":{"line":42,"column":79}},"type":"if","locations":[{"start":{"line":40,"column":21},"end":{"line":42,"column":79}},{"start":{"line":41,"column":21},"end":{"line":42,"column":79}}],"line":40},"6":{"loc":{"start":{"line":41,"column":21},"end":{"line":42,"column":79}},"type":"if","locations":[{"start":{"line":41,"column":21},"end":{"line":42,"column":79}},{"start":{"line":42,"column":21},"end":{"line":42,"column":79}}],"line":41},"7":{"loc":{"start":{"line":42,"column":21},"end":{"line":42,"column":79}},"type":"if","locations":[{"start":{"line":42,"column":21},"end":{"line":42,"column":79}},{"start":{},"end":{}}],"line":42},"8":{"loc":{"start":{"line":44,"column":30},"end":{"line":44,"column":79}},"type":"cond-expr","locations":[{"start":{"line":44,"column":42},"end":{"line":44,"column":56}},{"start":{"line":44,"column":59},"end":{"line":44,"column":79}}],"line":44},"9":{"loc":{"start":{"line":50,"column":44},"end":{"line":50,"column":79}},"type":"cond-expr","locations":[{"start":{"line":50,"column":56},"end":{"line":50,"column":74}},{"start":{"line":50,"column":77},"end":{"line":50,"column":79}}],"line":50},"10":{"loc":{"start":{"line":57,"column":60},"end":{"line":57,"column":100}},"type":"binary-expr","locations":[{"start":{"line":57,"column":60},"end":{"line":57,"column":69}},{"start":{"line":57,"column":73},"end":{"line":57,"column":100}}],"line":57},"11":{"loc":{"start":{"line":58,"column":80},"end":{"line":58,"column":99}},"type":"cond-expr","locations":[{"start":{"line":58,"column":92},"end":{"line":58,"column":95}},{"start":{"line":58,"column":98},"end":{"line":58,"column":99}}],"line":58},"12":{"loc":{"start":{"line":60,"column":52},"end":{"line":60,"column":84}},"type":"binary-expr","locations":[{"start":{"line":60,"column":52},"end":{"line":60,"column":61}},{"start":{"line":60,"column":65},"end":{"line":60,"column":84}}],"line":60}},"s":{"0":18,"1":57,"2":57,"3":57,"4":57,"5":4,"6":4,"7":2,"8":57,"9":1,"10":57,"11":18,"12":39,"13":13,"14":26,"15":13,"16":13,"17":13,"18":57,"19":57,"20":1},"f":{"0":18,"1":57,"2":4,"3":1},"b":{"0":[55,2],"1":[1,1],"2":[2,2],"3":[4,3],"4":[18,39],"5":[13,26],"6":[13,13],"7":[13,0],"8":[18,39],"9":[18,39],"10":[57,18],"11":[18,39],"12":[57,18]},"_coverageSchema":"1a1c01bbd47fc00a2c39e90264f33305004495a9","hash":"41614ed6116cf71622d671c6ca8146e371a0d7df"}
,"/Users/zack/Desktop/NeuroBloom/constants/Colors.js": {"path":"/Users/zack/Desktop/NeuroBloom/constants/Colors.js","statementMap":{"0":{"start":{"line":1,"column":22},"end":{"line":48,"column":1}}},"fnMap":{},"branchMap":{},"s":{"0":4},"f":{},"b":{},"_coverageSchema":"1a1c01bbd47fc00a2c39e90264f33305004495a9","hash":"a8cbc5f567bd70c532be051b682858ef15c53d5b"}
,"/Users/zack/Desktop/NeuroBloom/constants/Config.js": {"path":"/Users/zack/Desktop/NeuroBloom/constants/Config.js","statementMap":{"0":{"start":{"line":8,"column":22},"end":{"line":8,"column":61}},"1":{"start":{"line":9,"column":20},"end":{"line":9,"column":39}},"2":{"start":{"line":11,"column":18},"end":{"line":11,"column":44}},"3":{"start":{"line":12,"column":19},"end":{"line":12,"column":99}},"4":{"start":{"line":14,"column":4},"end":{"line":14,"column":115}},"5":{"start":{"line":16,"column":4},"end":{"line":16,"column":17}},"6":{"start":{"line":19,"column":22},"end":{"line":30,"column":1}},"7":{"start":{"line":33,"column":0},"end":{"line":36,"column":3}}},"fnMap":{"0":{"name":"getConfigValue","decl":{"start":{"line":4,"column":9},"end":{"line":4,"column":23}},"loc":{"start":{"line":4,"column":48},"end":{"line":17,"column":1}},"line":4}},"branchMap":{"0":{"loc":{"start":{"line":11,"column":18},"end":{"line":11,"column":44}},"type":"binary-expr","locations":[{"start":{"line":11,"column":18},"end":{"line":11,"column":27}},{"start":{"line":11,"column":31},"end":{"line":11,"column":38}},{"start":{"line":11,"column":42},"end":{"line":11,"column":44}}],"line":11},"1":{"loc":{"start":{"line":12,"column":19},"end":{"line":12,"column":99}},"type":"cond-expr","locations":[{"start":{"line":12,"column":31},"end":{"line":12,"column":59}},{"start":{"line":12,"column":63},"end":{"line":12,"column":98}}],"line":12},"2":{"loc":{"start":{"line":12,"column":63},"end":{"line":12,"column":98}},"type":"cond-expr","locations":[{"start":{"line":12,"column":73},"end":{"line":12,"column":86}},{"start":{"line":12,"column":89},"end":{"line":12,"column":98}}],"line":12},"3":{"loc":{"start":{"line":14,"column":38},"end":{"line":14,"column":111}},"type":"cond-expr","locations":[{"start":{"line":14,"column":46},"end":{"line":14,"column":95}},{"start":{"line":14,"column":98},"end":{"line":14,"column":111}}],"line":14},"4":{"loc":{"start":{"line":34,"column":14},"end":{"line":34,"column":59}},"type":"cond-expr","locations":[{"start":{"line":34,"column":36},"end":{"line":34,"column":45}},{"start":{"line":34,"column":48},"end":{"line":34,"column":59}}],"line":34},"5":{"loc":{"start":{"line":35,"column":17},"end":{"line":35,"column":55}},"type":"cond-expr","locations":[{"start":{"line":35,"column":27},"end":{"line":35,"column":40}},{"start":{"line":35,"column":43},"end":{"line":35,"column":55}}],"line":35}},"s":{"0":3,"1":3,"2":3,"3":3,"4":3,"5":3,"6":1,"7":1},"f":{"0":3},"b":{"0":[3,3,3],"1":[0,3],"2":[0,3],"3":[0,3],"4":[0,1],"5":[1,0]},"_coverageSchema":"1a1c01bbd47fc00a2c39e90264f33305004495a9","hash":"5c5847301f981150ed7d29ef2e47726bc24c7f30"}
,"/Users/zack/Desktop/NeuroBloom/constants/Typography.js": {"path":"/Users/zack/Desktop/NeuroBloom/constants/Typography.js","statementMap":{"0":{"start":{"line":1,"column":26},"end":{"line":53,"column":1}}},"fnMap":{},"branchMap":{},"s":{"0":1},"f":{},"b":{},"_coverageSchema":"1a1c01bbd47fc00a2c39e90264f33305004495a9","hash":"8505b6b0fbba60d493d3b31d2f5568e0ebced16f"}
,"/Users/zack/Desktop/NeuroBloom/services/CareTeamService.js": {"path":"/Users/zack/Desktop/NeuroBloom/services/CareTeamService.js","statementMap":{"0":{"start":{"line":14,"column":18},"end":{"line":14,"column":51}},"1":{"start":{"line":15,"column":15},"end":{"line":15,"column":17}},"2":{"start":{"line":16,"column":4},"end":{"line":18,"column":5}},"3":{"start":{"line":16,"column":17},"end":{"line":16,"column":18}},"4":{"start":{"line":17,"column":8},"end":{"line":17,"column":71}},"5":{"start":{"line":19,"column":4},"end":{"line":19,"column":16}},"6":{"start":{"line":29,"column":4},"end":{"line":42,"column":5}},"7":{"start":{"line":30,"column":41},"end":{"line":30,"column":121}},"8":{"start":{"line":32,"column":8},"end":{"line":35,"column":9}},"9":{"start":{"line":33,"column":12},"end":{"line":33,"column":69}},"10":{"start":{"line":34,"column":12},"end":{"line":34,"column":42}},"11":{"start":{"line":37,"column":8},"end":{"line":37,"column":67}},"12":{"start":{"line":38,"column":8},"end":{"line":38,"column":46}},"13":{"start":{"line":40,"column":8},"end":{"line":40,"column":65}},"14":{"start":{"line":41,"column":8},"end":{"line":41,"column":38}},"15":{"start":{"line":51,"column":4},"end":{"line":61,"column":5}},"16":{"start":{"line":52,"column":32},"end":{"line":52,"column":84}},"17":{"start":{"line":54,"column":8},"end":{"line":56,"column":9}},"18":{"start":{"line":55,"column":12},"end":{"line":55,"column":41}},"19":{"start":{"line":58,"column":8},"end":{"line":58,"column":37}},"20":{"start":{"line":60,"column":8},"end":{"line":60,"column":37}},"21":{"start":{"line":71,"column":4},"end":{"line":92,"column":5}},"22":{"start":{"line":72,"column":40},"end":{"line":72,"column":100}},"23":{"start":{"line":74,"column":8},"end":{"line":77,"column":9}},"24":{"start":{"line":75,"column":12},"end":{"line":75,"column":70}},"25":{"start":{"line":76,"column":12},"end":{"line":76,"column":62}},"26":{"start":{"line":79,"column":8},"end":{"line":79,"column":49}},"27":{"start":{"line":80,"column":8},"end":{"line":88,"column":10}},"28":{"start":{"line":90,"column":8},"end":{"line":90,"column":66}},"29":{"start":{"line":91,"column":8},"end":{"line":91,"column":58}},"30":{"start":{"line":102,"column":4},"end":{"line":122,"column":5}},"31":{"start":{"line":103,"column":21},"end":{"line":103,"column":45}},"32":{"start":{"line":105,"column":32},"end":{"line":110,"column":10}},"33":{"start":{"line":112,"column":8},"end":{"line":115,"column":9}},"34":{"start":{"line":113,"column":12},"end":{"line":113,"column":65}},"35":{"start":{"line":114,"column":12},"end":{"line":114,"column":41}},"36":{"start":{"line":117,"column":8},"end":{"line":117,"column":61}},"37":{"start":{"line":118,"column":8},"end":{"line":118,"column":55}},"38":{"start":{"line":120,"column":8},"end":{"line":120,"column":61}},"39":{"start":{"line":121,"column":8},"end":{"line":121,"column":37}},"40":{"start":{"line":132,"column":4},"end":{"line":153,"column":5}},"41":{"start":{"line":134,"column":50},"end":{"line":134,"column":110}},"42":{"start":{"line":136,"column":8},"end":{"line":139,"column":9}},"43":{"start":{"line":137,"column":12},"end":{"line":137,"column":69}},"44":{"start":{"line":138,"column":12},"end":{"line":138,"column":71}},"45":{"start":{"line":141,"column":8},"end":{"line":141,"column":45}},"46":{"start":{"line":142,"column":8},"end":{"line":149,"column":10}},"47":{"start":{"line":151,"column":8},"end":{"line":151,"column":62}},"48":{"start":{"line":152,"column":8},"end":{"line":152,"column":57}},"49":{"start":{"line":163,"column":4},"end":{"line":182,"column":5}},"50":{"start":{"line":164,"column":57},"end":{"line":164,"column":104}},"51":{"start":{"line":166,"column":8},"end":{"line":168,"column":9}},"52":{"start":{"line":167,"column":12},"end":{"line":167,"column":83}},"53":{"start":{"line":170,"column":39},"end":{"line":173,"column":10}},"54":{"start":{"line":175,"column":8},"end":{"line":177,"column":9}},"55":{"start":{"line":176,"column":12},"end":{"line":176,"column":58}},"56":{"start":{"line":179,"column":8},"end":{"line":179,"column":46}},"57":{"start":{"line":181,"column":8},"end":{"line":181,"column":41}},"58":{"start":{"line":191,"column":4},"end":{"line":214,"column":5}},"59":{"start":{"line":192,"column":32},"end":{"line":192,"column":94}},"60":{"start":{"line":194,"column":8},"end":{"line":196,"column":9}},"61":{"start":{"line":195,"column":12},"end":{"line":195,"column":45}},"62":{"start":{"line":199,"column":27},"end":{"line":209,"column":15}},"63":{"start":{"line":200,"column":28},"end":{"line":200,"column":54}},"64":{"start":{"line":201,"column":26},"end":{"line":209,"column":13}},"65":{"start":{"line":211,"column":8},"end":{"line":211,"column":43}},"66":{"start":{"line":213,"column":8},"end":{"line":213,"column":41}},"67":{"start":{"line":223,"column":4},"end":{"line":245,"column":5}},"68":{"start":{"line":224,"column":32},"end":{"line":224,"column":96}},"69":{"start":{"line":226,"column":8},"end":{"line":228,"column":9}},"70":{"start":{"line":227,"column":12},"end":{"line":227,"column":44}},"71":{"start":{"line":231,"column":26},"end":{"line":240,"column":15}},"72":{"start":{"line":232,"column":28},"end":{"line":232,"column":54}},"73":{"start":{"line":233,"column":26},"end":{"line":240,"column":13}},"74":{"start":{"line":242,"column":8},"end":{"line":242,"column":42}},"75":{"start":{"line":244,"column":8},"end":{"line":244,"column":40}},"76":{"start":{"line":254,"column":4},"end":{"line":273,"column":5}},"77":{"start":{"line":255,"column":32},"end":{"line":255,"column":94}},"78":{"start":{"line":257,"column":8},"end":{"line":259,"column":9}},"79":{"start":{"line":258,"column":12},"end":{"line":258,"column":46}},"80":{"start":{"line":261,"column":28},"end":{"line":268,"column":15}},"81":{"start":{"line":262,"column":28},"end":{"line":262,"column":53}},"82":{"start":{"line":263,"column":26},"end":{"line":268,"column":13}},"83":{"start":{"line":270,"column":8},"end":{"line":270,"column":44}},"84":{"start":{"line":272,"column":8},"end":{"line":272,"column":42}},"85":{"start":{"line":284,"column":4},"end":{"line":322,"column":5}},"86":{"start":{"line":286,"column":49},"end":{"line":286,"column":121}},"87":{"start":{"line":288,"column":8},"end":{"line":290,"column":9}},"88":{"start":{"line":289,"column":12},"end":{"line":289,"column":108}},"89":{"start":{"line":293,"column":43},"end":{"line":293,"column":93}},"90":{"start":{"line":295,"column":8},"end":{"line":297,"column":9}},"91":{"start":{"line":296,"column":12},"end":{"line":296,"column":56}},"92":{"start":{"line":300,"column":49},"end":{"line":300,"column":97}},"93":{"start":{"line":301,"column":53},"end":{"line":301,"column":98}},"94":{"start":{"line":304,"column":22},"end":{"line":304,"column":50}},"95":{"start":{"line":306,"column":8},"end":{"line":319,"column":10}},"96":{"start":{"line":321,"column":8},"end":{"line":321,"column":41}},"97":{"start":{"line":331,"column":4},"end":{"line":340,"column":5}},"98":{"start":{"line":332,"column":8},"end":{"line":339,"column":10}},"99":{"start":{"line":342,"column":23},"end":{"line":342,"column":70}},"100":{"start":{"line":344,"column":18},"end":{"line":344,"column":19}},"101":{"start":{"line":344,"column":33},"end":{"line":344,"column":34}},"102":{"start":{"line":345,"column":18},"end":{"line":345,"column":19}},"103":{"start":{"line":345,"column":33},"end":{"line":345,"column":34}},"104":{"start":{"line":346,"column":20},"end":{"line":346,"column":21}},"105":{"start":{"line":346,"column":37},"end":{"line":346,"column":38}},"106":{"start":{"line":347,"column":25},"end":{"line":347,"column":26}},"107":{"start":{"line":349,"column":4},"end":{"line":365,"column":7}},"108":{"start":{"line":350,"column":8},"end":{"line":353,"column":9}},"109":{"start":{"line":351,"column":12},"end":{"line":351,"column":44}},"110":{"start":{"line":352,"column":12},"end":{"line":352,"column":24}},"111":{"start":{"line":354,"column":8},"end":{"line":357,"column":9}},"112":{"start":{"line":355,"column":12},"end":{"line":355,"column":38}},"113":{"start":{"line":356,"column":12},"end":{"line":356,"column":24}},"114":{"start":{"line":358,"column":8},"end":{"line":361,"column":9}},"115":{"start":{"line":359,"column":12},"end":{"line":359,"column":42}},"116":{"start":{"line":360,"column":12},"end":{"line":360,"column":26}},"117":{"start":{"line":362,"column":8},"end":{"line":364,"column":9}},"118":{"start":{"line":363,"column":12},"end":{"line":363,"column":61}},"119":{"start":{"line":368,"column":17},"end":{"line":368,"column":18}},"120":{"start":{"line":369,"column":23},"end":{"line":369,"column":92}},"121":{"start":{"line":369,"column":48},"end":{"line":369,"column":91}},"122":{"start":{"line":370,"column":18},"end":{"line":370,"column":56}},"123":{"start":{"line":372,"column":4},"end":{"line":383,"column":5}},"124":{"start":{"line":372,"column":17},"end":{"line":372,"column":18}},"125":{"start":{"line":373,"column":24},"end":{"line":373,"column":46}},"126":{"start":{"line":374,"column":29},"end":{"line":374,"column":39}},"127":{"start":{"line":375,"column":8},"end":{"line":375,"column":57}},"128":{"start":{"line":376,"column":25},"end":{"line":376,"column":65}},"129":{"start":{"line":378,"column":8},"end":{"line":382,"column":9}},"130":{"start":{"line":379,"column":12},"end":{"line":379,"column":21}},"131":{"start":{"line":381,"column":12},"end":{"line":381,"column":18}},"132":{"start":{"line":385,"column":4},"end":{"line":392,"column":6}},"133":{"start":{"line":402,"column":4},"end":{"line":413,"column":5}},"134":{"start":{"line":403,"column":26},"end":{"line":403,"column":74}},"135":{"start":{"line":405,"column":8},"end":{"line":407,"column":9}},"136":{"start":{"line":406,"column":12},"end":{"line":406,"column":45}},"137":{"start":{"line":409,"column":8},"end":{"line":409,"column":48}},"138":{"start":{"line":410,"column":8},"end":{"line":410,"column":46}},"139":{"start":{"line":412,"column":8},"end":{"line":412,"column":41}},"140":{"start":{"line":424,"column":4},"end":{"line":434,"column":5}},"141":{"start":{"line":425,"column":26},"end":{"line":425,"column":91}},"142":{"start":{"line":427,"column":8},"end":{"line":429,"column":9}},"143":{"start":{"line":428,"column":12},"end":{"line":428,"column":45}},"144":{"start":{"line":431,"column":8},"end":{"line":431,"column":46}},"145":{"start":{"line":433,"column":8},"end":{"line":433,"column":41}},"146":{"start":{"line":437,"column":31},"end":{"line":450,"column":1}}},"fnMap":{"0":{"name":"generateInvitationCode","decl":{"start":{"line":13,"column":9},"end":{"line":13,"column":31}},"loc":{"start":{"line":13,"column":34},"end":{"line":20,"column":1}},"line":13},"1":{"name":"createAccessRequest","decl":{"start":{"line":28,"column":22},"end":{"line":28,"column":41}},"loc":{"start":{"line":28,"column":68},"end":{"line":43,"column":1}},"line":28},"2":{"name":"getAccessRequestByToken","decl":{"start":{"line":50,"column":22},"end":{"line":50,"column":45}},"loc":{"start":{"line":50,"column":53},"end":{"line":62,"column":1}},"line":50},"3":{"name":"acceptAccessRequest","decl":{"start":{"line":70,"column":22},"end":{"line":70,"column":41}},"loc":{"start":{"line":70,"column":61},"end":{"line":93,"column":1}},"line":70},"4":{"name":"createInvitation","decl":{"start":{"line":101,"column":22},"end":{"line":101,"column":38}},"loc":{"start":{"line":101,"column":75},"end":{"line":123,"column":1}},"line":101},"5":{"name":"acceptInvitation","decl":{"start":{"line":131,"column":22},"end":{"line":131,"column":38}},"loc":{"start":{"line":131,"column":58},"end":{"line":154,"column":1}},"line":131},"6":{"name":"declineInvitation","decl":{"start":{"line":162,"column":22},"end":{"line":162,"column":39}},"loc":{"start":{"line":162,"column":59},"end":{"line":183,"column":1}},"line":162},"7":{"name":"getLinkedCaregivers","decl":{"start":{"line":190,"column":22},"end":{"line":190,"column":41}},"loc":{"start":{"line":190,"column":54},"end":{"line":215,"column":1}},"line":190},"8":{"name":"(anonymous_8)","decl":{"start":{"line":200,"column":20},"end":{"line":200,"column":21}},"loc":{"start":{"line":200,"column":28},"end":{"line":200,"column":54}},"line":200},"9":{"name":"(anonymous_9)","decl":{"start":{"line":201,"column":17},"end":{"line":201,"column":18}},"loc":{"start":{"line":201,"column":26},"end":{"line":209,"column":13}},"line":201},"10":{"name":"getLinkedSurvivors","decl":{"start":{"line":222,"column":22},"end":{"line":222,"column":40}},"loc":{"start":{"line":222,"column":54},"end":{"line":246,"column":1}},"line":222},"11":{"name":"(anonymous_11)","decl":{"start":{"line":232,"column":20},"end":{"line":232,"column":21}},"loc":{"start":{"line":232,"column":28},"end":{"line":232,"column":54}},"line":232},"12":{"name":"(anonymous_12)","decl":{"start":{"line":233,"column":17},"end":{"line":233,"column":18}},"loc":{"start":{"line":233,"column":26},"end":{"line":240,"column":13}},"line":233},"13":{"name":"getPendingInvitations","decl":{"start":{"line":253,"column":22},"end":{"line":253,"column":43}},"loc":{"start":{"line":253,"column":56},"end":{"line":274,"column":1}},"line":253},"14":{"name":"(anonymous_14)","decl":{"start":{"line":262,"column":20},"end":{"line":262,"column":21}},"loc":{"start":{"line":262,"column":28},"end":{"line":262,"column":53}},"line":262},"15":{"name":"(anonymous_15)","decl":{"start":{"line":263,"column":17},"end":{"line":263,"column":18}},"loc":{"start":{"line":263,"column":26},"end":{"line":268,"column":13}},"line":263},"16":{"name":"getSurvivorProgress","decl":{"start":{"line":283,"column":22},"end":{"line":283,"column":41}},"loc":{"start":{"line":283,"column":91},"end":{"line":323,"column":1}},"line":283},"17":{"name":"calculateProgressStats","decl":{"start":{"line":330,"column":9},"end":{"line":330,"column":31}},"loc":{"start":{"line":330,"column":38},"end":{"line":393,"column":1}},"line":330},"18":{"name":"(anonymous_18)","decl":{"start":{"line":349,"column":17},"end":{"line":349,"column":18}},"loc":{"start":{"line":349,"column":24},"end":{"line":365,"column":5}},"line":349},"19":{"name":"(anonymous_19)","decl":{"start":{"line":369,"column":38},"end":{"line":369,"column":39}},"loc":{"start":{"line":369,"column":48},"end":{"line":369,"column":91}},"line":369},"20":{"name":"removeCareTeamLink","decl":{"start":{"line":401,"column":22},"end":{"line":401,"column":40}},"loc":{"start":{"line":401,"column":57},"end":{"line":414,"column":1}},"line":401},"21":{"name":"updatePermissions","decl":{"start":{"line":423,"column":22},"end":{"line":423,"column":39}},"loc":{"start":{"line":423,"column":73},"end":{"line":435,"column":1}},"line":423}},"branchMap":{"0":{"loc":{"start":{"line":32,"column":8},"end":{"line":35,"column":9}},"type":"if","locations":[{"start":{"line":32,"column":8},"end":{"line":35,"column":9}},{"start":{},"end":{}}],"line":32},"1":{"loc":{"start":{"line":54,"column":8},"end":{"line":56,"column":9}},"type":"if","locations":[{"start":{"line":54,"column":8},"end":{"line":56,"column":9}},{"start":{},"end":{}}],"line":54},"2":{"loc":{"start":{"line":74,"column":8},"end":{"line":77,"column":9}},"type":"if","locations":[{"start":{"line":74,"column":8},"end":{"line":77,"column":9}},{"start":{},"end":{}}],"line":74},"3":{"loc":{"start":{"line":101,"column":51},"end":{"line":101,"column":73}},"type":"default-arg","locations":[{"start":{"line":101,"column":66},"end":{"line":101,"column":73}}],"line":101},"4":{"loc":{"start":{"line":112,"column":8},"end":{"line":115,"column":9}},"type":"if","locations":[{"start":{"line":112,"column":8},"end":{"line":115,"column":9}},{"start":{},"end":{}}],"line":112},"5":{"loc":{"start":{"line":136,"column":8},"end":{"line":139,"column":9}},"type":"if","locations":[{"start":{"line":136,"column":8},"end":{"line":139,"column":9}},{"start":{},"end":{}}],"line":136},"6":{"loc":{"start":{"line":166,"column":8},"end":{"line":168,"column":9}},"type":"if","locations":[{"start":{"line":166,"column":8},"end":{"line":168,"column":9}},{"start":{},"end":{}}],"line":166},"7":{"loc":{"start":{"line":166,"column":12},"end":{"line":166,"column":38}},"type":"binary-expr","locations":[{"start":{"line":166,"column":12},"end":{"line":166,"column":23}},{"start":{"line":166,"column":27},"end":{"line":166,"column":38}}],"line":166},"8":{"loc":{"start":{"line":175,"column":8},"end":{"line":177,"column":9}},"type":"if","locations":[{"start":{"line":175,"column":8},"end":{"line":177,"column":9}},{"start":{},"end":{}}],"line":175},"9":{"loc":{"start":{"line":194,"column":8},"end":{"line":196,"column":9}},"type":"if","locations":[{"start":{"line":194,"column":8},"end":{"line":196,"column":9}},{"start":{},"end":{}}],"line":194},"10":{"loc":{"start":{"line":199,"column":28},"end":{"line":199,"column":38}},"type":"binary-expr","locations":[{"start":{"line":199,"column":28},"end":{"line":199,"column":32}},{"start":{"line":199,"column":36},"end":{"line":199,"column":38}}],"line":199},"11":{"loc":{"start":{"line":204,"column":22},"end":{"line":204,"column":55}},"type":"binary-expr","locations":[{"start":{"line":204,"column":22},"end":{"line":204,"column":42}},{"start":{"line":204,"column":46},"end":{"line":204,"column":55}}],"line":204},"12":{"loc":{"start":{"line":226,"column":8},"end":{"line":228,"column":9}},"type":"if","locations":[{"start":{"line":226,"column":8},"end":{"line":228,"column":9}},{"start":{},"end":{}}],"line":226},"13":{"loc":{"start":{"line":231,"column":27},"end":{"line":231,"column":37}},"type":"binary-expr","locations":[{"start":{"line":231,"column":27},"end":{"line":231,"column":31}},{"start":{"line":231,"column":35},"end":{"line":231,"column":37}}],"line":231},"14":{"loc":{"start":{"line":236,"column":22},"end":{"line":236,"column":54}},"type":"binary-expr","locations":[{"start":{"line":236,"column":22},"end":{"line":236,"column":41}},{"start":{"line":236,"column":45},"end":{"line":236,"column":54}}],"line":236},"15":{"loc":{"start":{"line":257,"column":8},"end":{"line":259,"column":9}},"type":"if","locations":[{"start":{"line":257,"column":8},"end":{"line":259,"column":9}},{"start":{},"end":{}}],"line":257},"16":{"loc":{"start":{"line":261,"column":29},"end":{"line":261,"column":39}},"type":"binary-expr","locations":[{"start":{"line":261,"column":29},"end":{"line":261,"column":33}},{"start":{"line":261,"column":37},"end":{"line":261,"column":39}}],"line":261},"17":{"loc":{"start":{"line":283,"column":67},"end":{"line":283,"column":89}},"type":"default-arg","locations":[{"start":{"line":283,"column":78},"end":{"line":283,"column":89}}],"line":283},"18":{"loc":{"start":{"line":288,"column":8},"end":{"line":290,"column":9}},"type":"if","locations":[{"start":{"line":288,"column":8},"end":{"line":290,"column":9}},{"start":{},"end":{}}],"line":288},"19":{"loc":{"start":{"line":288,"column":12},"end":{"line":288,"column":60}},"type":"binary-expr","locations":[{"start":{"line":288,"column":12},"end":{"line":288,"column":21}},{"start":{"line":288,"column":25},"end":{"line":288,"column":30}},{"start":{"line":288,"column":34},"end":{"line":288,"column":60}}],"line":288},"20":{"loc":{"start":{"line":295,"column":8},"end":{"line":297,"column":9}},"type":"if","locations":[{"start":{"line":295,"column":8},"end":{"line":297,"column":9}},{"start":{},"end":{}}],"line":295},"21":{"loc":{"start":{"line":310,"column":26},"end":{"line":310,"column":53}},"type":"binary-expr","locations":[{"start":{"line":310,"column":26},"end":{"line":310,"column":40}},{"start":{"line":310,"column":44},"end":{"line":310,"column":53}}],"line":310},"22":{"loc":{"start":{"line":331,"column":4},"end":{"line":340,"column":5}},"type":"if","locations":[{"start":{"line":331,"column":4},"end":{"line":340,"column":5}},{"start":{},"end":{}}],"line":331},"23":{"loc":{"start":{"line":331,"column":8},"end":{"line":331,"column":34}},"type":"binary-expr","locations":[{"start":{"line":331,"column":8},"end":{"line":331,"column":13}},{"start":{"line":331,"column":17},"end":{"line":331,"column":34}}],"line":331},"24":{"loc":{"start":{"line":350,"column":8},"end":{"line":353,"column":9}},"type":"if","locations":[{"start":{"line":350,"column":8},"end":{"line":353,"column":9}},{"start":{},"end":{}}],"line":350},"25":{"loc":{"start":{"line":350,"column":12},"end":{"line":350,"column":44}},"type":"binary-expr","locations":[{"start":{"line":350,"column":12},"end":{"line":350,"column":20}},{"start":{"line":350,"column":24},"end":{"line":350,"column":44}}],"line":350},"26":{"loc":{"start":{"line":354,"column":8},"end":{"line":357,"column":9}},"type":"if","locations":[{"start":{"line":354,"column":8},"end":{"line":357,"column":9}},{"start":{},"end":{}}],"line":354},"27":{"loc":{"start":{"line":354,"column":12},"end":{"line":354,"column":67}},"type":"binary-expr","locations":[{"start":{"line":354,"column":12},"end":{"line":354,"column":35}},{"start":{"line":354,"column":39},"end":{"line":354,"column":67}}],"line":354},"28":{"loc":{"start":{"line":358,"column":8},"end":{"line":361,"column":9}},"type":"if","locations":[{"start":{"line":358,"column":8},"end":{"line":361,"column":9}},{"start":{},"end":{}}],"line":358},"29":{"loc":{"start":{"line":358,"column":12},"end":{"line":358,"column":71}},"type":"binary-expr","locations":[{"start":{"line":358,"column":12},"end":{"line":358,"column":37}},{"start":{"line":358,"column":41},"end":{"line":358,"column":71}}],"line":358},"30":{"loc":{"start":{"line":362,"column":8},"end":{"line":364,"column":9}},"type":"if","locations":[{"start":{"line":362,"column":8},"end":{"line":364,"column":9}},{"start":{},"end":{}}],"line":362},"31":{"loc":{"start":{"line":378,"column":8},"end":{"line":382,"column":9}},"type":"if","locations":[{"start":{"line":378,"column":8},"end":{"line":382,"column":9}},{"start":{"line":380,"column":15},"end":{"line":382,"column":9}}],"line":378},"32":{"loc":{"start":{"line":387,"column":17},"end":{"line":387,"column":83}},"type":"cond-expr","locations":[{"start":{"line":387,"column":33},"end":{"line":387,"column":76}},{"start":{"line":387,"column":79},"end":{"line":387,"column":83}}],"line":387},"33":{"loc":{"start":{"line":388,"column":17},"end":{"line":388,"column":83}},"type":"cond-expr","locations":[{"start":{"line":388,"column":33},"end":{"line":388,"column":76}},{"start":{"line":388,"column":79},"end":{"line":388,"column":83}}],"line":388},"34":{"loc":{"start":{"line":389,"column":19},"end":{"line":389,"column":91}},"type":"cond-expr","locations":[{"start":{"line":389,"column":37},"end":{"line":389,"column":84}},{"start":{"line":389,"column":87},"end":{"line":389,"column":91}}],"line":389},"35":{"loc":{"start":{"line":405,"column":8},"end":{"line":407,"column":9}},"type":"if","locations":[{"start":{"line":405,"column":8},"end":{"line":407,"column":9}},{"start":{},"end":{}}],"line":405},"36":{"loc":{"start":{"line":427,"column":8},"end":{"line":429,"column":9}},"type":"if","locations":[{"start":{"line":427,"column":8},"end":{"line":429,"column":9}},{"start":{},"end":{}}],"line":427}},"s":{"0":12,"1":12,"2":12,"3":12,"4":96,"5":12,"6":3,"7":3,"8":2,"9":1,"10":1,"11":1,"12":1,"13":1,"14":1,"15":3,"16":3,"17":2,"18":1,"19":1,"20":1,"21":3,"22":3,"23":2,"24":1,"25":1,"26":1,"27":1,"28":1,"29":1,"30":12,"31":12,"32":12,"33":12,"34":1,"35":1,"36":11,"37":11,"38":0,"39":0,"40":3,"41":3,"42":3,"43":2,"44":2,"45":1,"46":1,"47":0,"48":0,"49":4,"50":4,"51":3,"52":1,"53":2,"54":2,"55":1,"56":1,"57":1,"58":2,"59":2,"60":2,"61":1,"62":1,"63":3,"64":2,"65":1,"66":0,"67":1,"68":1,"69":1,"70":0,"71":1,"72":1,"73":1,"74":1,"75":0,"76":3,"77":3,"78":2,"79":1,"80":1,"81":3,"82":2,"83":1,"84":1,"85":7,"86":7,"87":6,"88":2,"89":4,"90":4,"91":1,"92":3,"93":3,"94":3,"95":3,"96":1,"97":3,"98":1,"99":2,"100":2,"101":2,"102":2,"103":2,"104":2,"105":2,"106":2,"107":2,"108":4,"109":4,"110":4,"111":4,"112":2,"113":2,"114":4,"115":2,"116":2,"117":4,"118":4,"119":2,"120":2,"121":2,"122":2,"123":2,"124":2,"125":3,"126":3,"127":3,"128":3,"129":3,"130":2,"131":1,"132":2,"133":3,"134":3,"135":2,"136":1,"137":1,"138":1,"139":1,"140":2,"141":2,"142":1,"143":1,"144":0,"145":1,"146":1},"f":{"0":12,"1":3,"2":3,"3":3,"4":12,"5":3,"6":4,"7":2,"8":3,"9":2,"10":1,"11":1,"12":1,"13":3,"14":3,"15":2,"16":7,"17":3,"18":4,"19":2,"20":3,"21":2},"b":{"0":[1,1],"1":[1,1],"2":[1,1],"3":[11],"4":[1,11],"5":[2,1],"6":[1,2],"7":[3,2],"8":[1,1],"9":[1,1],"10":[1,0],"11":[2,0],"12":[0,1],"13":[1,0],"14":[1,0],"15":[1,1],"16":[1,0],"17":[7],"18":[2,4],"19":[6,6,5],"20":[1,3],"21":[3,0],"22":[1,2],"23":[3,3],"24":[4,0],"25":[4,4],"26":[2,2],"27":[4,4],"28":[2,2],"29":[4,4],"30":[4,0],"31":[2,1],"32":[2,0],"33":[1,1],"34":[1,1],"35":[1,1],"36":[1,0]},"_coverageSchema":"1a1c01bbd47fc00a2c39e90264f33305004495a9","hash":"b1b2ffc98f023c493e34d263f131a927ed81f9e0"}
,"/Users/zack/Desktop/NeuroBloom/services/KudosService.js": {"path":"/Users/zack/Desktop/NeuroBloom/services/KudosService.js","statementMap":{"0":{"start":{"line":4,"column":28},"end":{"line":127,"column":1}},"1":{"start":{"line":9,"column":8},"end":{"line":27,"column":9}},"2":{"start":{"line":10,"column":36},"end":{"line":20,"column":25}},"3":{"start":{"line":22,"column":12},"end":{"line":22,"column":35}},"4":{"start":{"line":22,"column":23},"end":{"line":22,"column":35}},"5":{"start":{"line":23,"column":12},"end":{"line":23,"column":48}},"6":{"start":{"line":25,"column":12},"end":{"line":25,"column":57}},"7":{"start":{"line":26,"column":12},"end":{"line":26,"column":42}},"8":{"start":{"line":34,"column":8},"end":{"line":53,"column":9}},"9":{"start":{"line":35,"column":36},"end":{"line":46,"column":58}},"10":{"start":{"line":48,"column":12},"end":{"line":48,"column":35}},"11":{"start":{"line":48,"column":23},"end":{"line":48,"column":35}},"12":{"start":{"line":49,"column":12},"end":{"line":49,"column":54}},"13":{"start":{"line":51,"column":12},"end":{"line":51,"column":65}},"14":{"start":{"line":52,"column":12},"end":{"line":52,"column":40}},"15":{"start":{"line":60,"column":8},"end":{"line":73,"column":9}},"16":{"start":{"line":61,"column":36},"end":{"line":66,"column":25}},"17":{"start":{"line":68,"column":12},"end":{"line":68,"column":35}},"18":{"start":{"line":68,"column":23},"end":{"line":68,"column":35}},"19":{"start":{"line":69,"column":12},"end":{"line":69,"column":48}},"20":{"start":{"line":71,"column":12},"end":{"line":71,"column":65}},"21":{"start":{"line":72,"column":12},"end":{"line":72,"column":42}},"22":{"start":{"line":80,"column":8},"end":{"line":93,"column":9}},"23":{"start":{"line":81,"column":36},"end":{"line":86,"column":25}},"24":{"start":{"line":88,"column":12},"end":{"line":88,"column":35}},"25":{"start":{"line":88,"column":23},"end":{"line":88,"column":35}},"26":{"start":{"line":89,"column":12},"end":{"line":89,"column":61}},"27":{"start":{"line":91,"column":12},"end":{"line":91,"column":69}},"28":{"start":{"line":92,"column":12},"end":{"line":92,"column":39}},"29":{"start":{"line":100,"column":23},"end":{"line":108,"column":9}},"30":{"start":{"line":109,"column":8},"end":{"line":109,"column":44}},"31":{"start":{"line":116,"column":23},"end":{"line":124,"column":9}},"32":{"start":{"line":125,"column":8},"end":{"line":125,"column":40}}},"fnMap":{"0":{"name":"(anonymous_0)","decl":{"start":{"line":8,"column":4},"end":{"line":8,"column":5}},"loc":{"start":{"line":8,"column":83},"end":{"line":28,"column":5}},"line":8},"1":{"name":"(anonymous_1)","decl":{"start":{"line":33,"column":4},"end":{"line":33,"column":5}},"loc":{"start":{"line":33,"column":37},"end":{"line":54,"column":5}},"line":33},"2":{"name":"(anonymous_2)","decl":{"start":{"line":59,"column":4},"end":{"line":59,"column":5}},"loc":{"start":{"line":59,"column":35},"end":{"line":74,"column":5}},"line":59},"3":{"name":"(anonymous_3)","decl":{"start":{"line":79,"column":4},"end":{"line":79,"column":5}},"loc":{"start":{"line":79,"column":41},"end":{"line":94,"column":5}},"line":79},"4":{"name":"(anonymous_4)","decl":{"start":{"line":99,"column":4},"end":{"line":99,"column":5}},"loc":{"start":{"line":99,"column":31},"end":{"line":110,"column":5}},"line":99},"5":{"name":"(anonymous_5)","decl":{"start":{"line":115,"column":4},"end":{"line":115,"column":5}},"loc":{"start":{"line":115,"column":31},"end":{"line":126,"column":5}},"line":115}},"branchMap":{"0":{"loc":{"start":{"line":8,"column":66},"end":{"line":8,"column":81}},"type":"default-arg","locations":[{"start":{"line":8,"column":77},"end":{"line":8,"column":81}}],"line":8},"1":{"loc":{"start":{"line":22,"column":12},"end":{"line":22,"column":35}},"type":"if","locations":[{"start":{"line":22,"column":12},"end":{"line":22,"column":35}},{"start":{},"end":{}}],"line":22},"2":{"loc":{"start":{"line":48,"column":12},"end":{"line":48,"column":35}},"type":"if","locations":[{"start":{"line":48,"column":12},"end":{"line":48,"column":35}},{"start":{},"end":{}}],"line":48},"3":{"loc":{"start":{"line":49,"column":28},"end":{"line":49,"column":38}},"type":"binary-expr","locations":[{"start":{"line":49,"column":28},"end":{"line":49,"column":32}},{"start":{"line":49,"column":36},"end":{"line":49,"column":38}}],"line":49},"4":{"loc":{"start":{"line":68,"column":12},"end":{"line":68,"column":35}},"type":"if","locations":[{"start":{"line":68,"column":12},"end":{"line":68,"column":35}},{"start":{},"end":{}}],"line":68},"5":{"loc":{"start":{"line":88,"column":12},"end":{"line":88,"column":35}},"type":"if","locations":[{"start":{"line":88,"column":12},"end":{"line":88,"column":35}},{"start":{},"end":{}}],"line":88},"6":{"loc":{"start":{"line":89,"column":28},"end":{"line":89,"column":45}},"type":"binary-expr","locations":[{"start":{"line":89,"column":28},"end":{"line":89,"column":40}},{"start":{"line":89,"column":44},"end":{"line":89,"column":45}}],"line":89},"7":{"loc":{"start":{"line":109,"column":15},"end":{"line":109,"column":43}},"type":"binary-expr","locations":[{"start":{"line":109,"column":15},"end":{"line":109,"column":31}},{"start":{"line":109,"column":35},"end":{"line":109,"column":43}}],"line":109},"8":{"loc":{"start":{"line":125,"column":15},"end":{"line":125,"column":39}},"type":"binary-expr","locations":[{"start":{"line":125,"column":15},"end":{"line":125,"column":31}},{"start":{"line":125,"column":35},"end":{"line":125,"column":39}}],"line":125}},"s":{"0":1,"1":1,"2":1,"3":0,"4":0,"5":0,"6":1,"7":1,"8":1,"9":1,"10":0,"11":0,"12":0,"13":1,"14":1,"15":1,"16":1,"17":0,"18":0,"19":0,"20":1,"21":1,"22":1,"23":1,"24":0,"25":0,"26":0,"27":1,"28":1,"29":8,"30":8,"31":8,"32":8},"f":{"0":1,"1":1,"2":1,"3":1,"4":8,"5":8},"b":{"0":[1],"1":[0,0],"2":[0,0],"3":[0,0],"4":[0,0],"5":[0,0],"6":[0,0],"7":[8,1],"8":[8,1]},"_coverageSchema":"1a1c01bbd47fc00a2c39e90264f33305004495a9","hash":"0601c18d405096f35e324c971685311874334000"}
,"/Users/zack/Desktop/NeuroBloom/services/LillyService.js": {"path":"/Users/zack/Desktop/NeuroBloom/services/LillyService.js","statementMap":{"0":{"start":{"line":11,"column":4},"end":{"line":11,"column":41}},"1":{"start":{"line":12,"column":4},"end":{"line":12,"column":52}},"2":{"start":{"line":15,"column":30},"end":{"line":24,"column":5}},"3":{"start":{"line":26,"column":25},"end":{"line":26,"column":77}},"4":{"start":{"line":26,"column":57},"end":{"line":26,"column":76}},"5":{"start":{"line":27,"column":4},"end":{"line":33,"column":5}},"6":{"start":{"line":28,"column":8},"end":{"line":28,"column":66}},"7":{"start":{"line":29,"column":8},"end":{"line":32,"column":10}},"8":{"start":{"line":35,"column":4},"end":{"line":67,"column":5}},"9":{"start":{"line":36,"column":8},"end":{"line":36,"column":62}},"10":{"start":{"line":39,"column":32},"end":{"line":43,"column":10}},"11":{"start":{"line":45,"column":8},"end":{"line":50,"column":9}},"12":{"start":{"line":46,"column":12},"end":{"line":46,"column":59}},"13":{"start":{"line":47,"column":12},"end":{"line":49,"column":14}},"14":{"start":{"line":52,"column":8},"end":{"line":57,"column":9}},"15":{"start":{"line":53,"column":12},"end":{"line":53,"column":67}},"16":{"start":{"line":54,"column":12},"end":{"line":56,"column":14}},"17":{"start":{"line":59,"column":8},"end":{"line":59,"column":62}},"18":{"start":{"line":60,"column":8},"end":{"line":60,"column":20}},"19":{"start":{"line":63,"column":8},"end":{"line":63,"column":79}},"20":{"start":{"line":64,"column":8},"end":{"line":66,"column":10}}},"fnMap":{"0":{"name":"sendMessage","decl":{"start":{"line":10,"column":22},"end":{"line":10,"column":33}},"loc":{"start":{"line":10,"column":77},"end":{"line":68,"column":1}},"line":10},"1":{"name":"(anonymous_1)","decl":{"start":{"line":26,"column":48},"end":{"line":26,"column":49}},"loc":{"start":{"line":26,"column":57},"end":{"line":26,"column":76}},"line":26}},"branchMap":{"0":{"loc":{"start":{"line":10,"column":43},"end":{"line":10,"column":55}},"type":"default-arg","locations":[{"start":{"line":10,"column":53},"end":{"line":10,"column":55}}],"line":10},"1":{"loc":{"start":{"line":10,"column":57},"end":{"line":10,"column":75}},"type":"default-arg","locations":[{"start":{"line":10,"column":71},"end":{"line":10,"column":75}}],"line":10},"2":{"loc":{"start":{"line":27,"column":4},"end":{"line":33,"column":5}},"type":"if","locations":[{"start":{"line":27,"column":4},"end":{"line":33,"column":5}},{"start":{},"end":{}}],"line":27},"3":{"loc":{"start":{"line":45,"column":8},"end":{"line":50,"column":9}},"type":"if","locations":[{"start":{"line":45,"column":8},"end":{"line":50,"column":9}},{"start":{},"end":{}}],"line":45},"4":{"loc":{"start":{"line":52,"column":8},"end":{"line":57,"column":9}},"type":"if","locations":[{"start":{"line":52,"column":8},"end":{"line":57,"column":9}},{"start":{},"end":{}}],"line":52},"5":{"loc":{"start":{"line":52,"column":12},"end":{"line":52,"column":31}},"type":"binary-expr","locations":[{"start":{"line":52,"column":12},"end":{"line":52,"column":17}},{"start":{"line":52,"column":21},"end":{"line":52,"column":31}}],"line":52}},"s":{"0":7,"1":7,"2":7,"3":7,"4":47,"5":7,"6":2,"7":2,"8":5,"9":5,"10":5,"11":4,"12":1,"13":1,"14":3,"15":1,"16":1,"17":2,"18":2,"19":1,"20":1},"f":{"0":7,"1":47},"b":{"0":[0],"1":[6],"2":[2,5],"3":[1,3],"4":[1,2],"5":[3,2]},"_coverageSchema":"1a1c01bbd47fc00a2c39e90264f33305004495a9","hash":"2097a05bae81065a44def93fd6b75a75c05fd92e"}
,"/Users/zack/Desktop/NeuroBloom/services/NotificationService.js": {"path":"/Users/zack/Desktop/NeuroBloom/services/NotificationService.js","statementMap":{"0":{"start":{"line":9,"column":0},"end":{"line":15,"column":3}},"1":{"start":{"line":10,"column":37},"end":{"line":14,"column":5}},"2":{"start":{"line":17,"column":31},"end":{"line":17,"column":63}},"3":{"start":{"line":18,"column":26},"end":{"line":18,"column":51}},"4":{"start":{"line":19,"column":37},"end":{"line":19,"column":75}},"5":{"start":{"line":22,"column":21},"end":{"line":22,"column":22}},"6":{"start":{"line":23,"column":23},"end":{"line":23,"column":25}},"7":{"start":{"line":30,"column":4},"end":{"line":49,"column":5}},"8":{"start":{"line":31,"column":43},"end":{"line":31,"column":84}},"9":{"start":{"line":32,"column":26},"end":{"line":32,"column":40}},"10":{"start":{"line":34,"column":8},"end":{"line":37,"column":9}},"11":{"start":{"line":35,"column":31},"end":{"line":35,"column":76}},"12":{"start":{"line":36,"column":12},"end":{"line":36,"column":33}},"13":{"start":{"line":39,"column":8},"end":{"line":42,"column":9}},"14":{"start":{"line":40,"column":12},"end":{"line":40,"column":66}},"15":{"start":{"line":41,"column":12},"end":{"line":41,"column":25}},"16":{"start":{"line":44,"column":8},"end":{"line":44,"column":58}},"17":{"start":{"line":45,"column":8},"end":{"line":45,"column":20}},"18":{"start":{"line":47,"column":8},"end":{"line":47,"column":77}},"19":{"start":{"line":48,"column":8},"end":{"line":48,"column":21}},"20":{"start":{"line":59,"column":4},"end":{"line":83,"column":5}},"21":{"start":{"line":61,"column":8},"end":{"line":61,"column":35}},"22":{"start":{"line":64,"column":27},"end":{"line":76,"column":10}},"23":{"start":{"line":78,"column":8},"end":{"line":78,"column":100}},"24":{"start":{"line":79,"column":8},"end":{"line":79,"column":26}},"25":{"start":{"line":81,"column":8},"end":{"line":81,"column":67}},"26":{"start":{"line":82,"column":8},"end":{"line":82,"column":20}},"27":{"start":{"line":90,"column":4},"end":{"line":95,"column":5}},"28":{"start":{"line":91,"column":8},"end":{"line":91,"column":67}},"29":{"start":{"line":92,"column":8},"end":{"line":92,"column":49}},"30":{"start":{"line":94,"column":8},"end":{"line":94,"column":62}},"31":{"start":{"line":103,"column":4},"end":{"line":110,"column":5}},"32":{"start":{"line":104,"column":30},"end":{"line":104,"column":85}},"33":{"start":{"line":105,"column":8},"end":{"line":105,"column":66}},"34":{"start":{"line":106,"column":8},"end":{"line":106,"column":29}},"35":{"start":{"line":108,"column":8},"end":{"line":108,"column":73}},"36":{"start":{"line":109,"column":8},"end":{"line":109,"column":18}},"37":{"start":{"line":118,"column":4},"end":{"line":123,"column":5}},"38":{"start":{"line":119,"column":8},"end":{"line":119,"column":82}},"39":{"start":{"line":120,"column":8},"end":{"line":120,"column":64}},"40":{"start":{"line":122,"column":8},"end":{"line":122,"column":73}},"41":{"start":{"line":131,"column":4},"end":{"line":140,"column":5}},"42":{"start":{"line":132,"column":26},"end":{"line":132,"column":76}},"43":{"start":{"line":133,"column":8},"end":{"line":135,"column":9}},"44":{"start":{"line":134,"column":12},"end":{"line":134,"column":41}},"45":{"start":{"line":136,"column":8},"end":{"line":136,"column":20}},"46":{"start":{"line":138,"column":8},"end":{"line":138,"column":74}},"47":{"start":{"line":139,"column":8},"end":{"line":139,"column":20}},"48":{"start":{"line":148,"column":4},"end":{"line":159,"column":5}},"49":{"start":{"line":149,"column":22},"end":{"line":149,"column":51}},"50":{"start":{"line":151,"column":8},"end":{"line":156,"column":9}},"51":{"start":{"line":152,"column":34},"end":{"line":152,"column":60}},"52":{"start":{"line":153,"column":12},"end":{"line":155,"column":13}},"53":{"start":{"line":154,"column":16},"end":{"line":154,"column":70}},"54":{"start":{"line":158,"column":8},"end":{"line":158,"column":68}},"55":{"start":{"line":169,"column":4},"end":{"line":234,"column":5}},"56":{"start":{"line":171,"column":27},"end":{"line":171,"column":68}},"57":{"start":{"line":172,"column":8},"end":{"line":175,"column":9}},"58":{"start":{"line":173,"column":12},"end":{"line":173,"column":97}},"59":{"start":{"line":174,"column":12},"end":{"line":174,"column":48}},"60":{"start":{"line":178,"column":8},"end":{"line":181,"column":9}},"61":{"start":{"line":179,"column":12},"end":{"line":179,"column":81}},"62":{"start":{"line":180,"column":12},"end":{"line":180,"column":48}},"63":{"start":{"line":184,"column":29},"end":{"line":184,"column":53}},"64":{"start":{"line":185,"column":20},"end":{"line":185,"column":30}},"65":{"start":{"line":186,"column":38},"end":{"line":186,"column":94}},"66":{"start":{"line":189,"column":8},"end":{"line":192,"column":9}},"67":{"start":{"line":190,"column":12},"end":{"line":190,"column":115}},"68":{"start":{"line":191,"column":12},"end":{"line":191,"column":48}},"69":{"start":{"line":196,"column":8},"end":{"line":209,"column":9}},"70":{"start":{"line":197,"column":37},"end":{"line":197,"column":108}},"71":{"start":{"line":198,"column":12},"end":{"line":205,"column":13}},"72":{"start":{"line":199,"column":37},"end":{"line":199,"column":75}},"73":{"start":{"line":200,"column":47},"end":{"line":200,"column":86}},"74":{"start":{"line":201,"column":16},"end":{"line":204,"column":17}},"75":{"start":{"line":202,"column":20},"end":{"line":202,"column":128}},"76":{"start":{"line":203,"column":20},"end":{"line":203,"column":56}},"77":{"start":{"line":207,"column":12},"end":{"line":207,"column":80}},"78":{"start":{"line":212,"column":31},"end":{"line":220,"column":10}},"79":{"start":{"line":222,"column":8},"end":{"line":230,"column":9}},"80":{"start":{"line":224,"column":12},"end":{"line":224,"column":119}},"81":{"start":{"line":225,"column":12},"end":{"line":225,"column":113}},"82":{"start":{"line":226,"column":12},"end":{"line":226,"column":47}},"83":{"start":{"line":228,"column":12},"end":{"line":228,"column":96}},"84":{"start":{"line":229,"column":12},"end":{"line":229,"column":87}},"85":{"start":{"line":232,"column":8},"end":{"line":232,"column":82}},"86":{"start":{"line":233,"column":8},"end":{"line":233,"column":38}},"87":{"start":{"line":237,"column":35},"end":{"line":248,"column":1}}},"fnMap":{"0":{"name":"(anonymous_0)","decl":{"start":{"line":10,"column":24},"end":{"line":10,"column":25}},"loc":{"start":{"line":10,"column":37},"end":{"line":14,"column":5}},"line":10},"1":{"name":"requestPermissions","decl":{"start":{"line":29,"column":22},"end":{"line":29,"column":40}},"loc":{"start":{"line":29,"column":43},"end":{"line":50,"column":1}},"line":29},"2":{"name":"scheduleDailyReminder","decl":{"start":{"line":58,"column":22},"end":{"line":58,"column":43}},"loc":{"start":{"line":58,"column":90},"end":{"line":84,"column":1}},"line":58},"3":{"name":"cancelAllReminders","decl":{"start":{"line":89,"column":22},"end":{"line":89,"column":40}},"loc":{"start":{"line":89,"column":43},"end":{"line":96,"column":1}},"line":89},"4":{"name":"getScheduledNotifications","decl":{"start":{"line":102,"column":22},"end":{"line":102,"column":47}},"loc":{"start":{"line":102,"column":50},"end":{"line":111,"column":1}},"line":102},"5":{"name":"saveNotificationPrefs","decl":{"start":{"line":117,"column":22},"end":{"line":117,"column":43}},"loc":{"start":{"line":117,"column":51},"end":{"line":124,"column":1}},"line":117},"6":{"name":"loadNotificationPrefs","decl":{"start":{"line":130,"column":22},"end":{"line":130,"column":43}},"loc":{"start":{"line":130,"column":46},"end":{"line":141,"column":1}},"line":130},"7":{"name":"initializeNotifications","decl":{"start":{"line":147,"column":22},"end":{"line":147,"column":45}},"loc":{"start":{"line":147,"column":48},"end":{"line":160,"column":1}},"line":147},"8":{"name":"checkAndSendInactivityReminder","decl":{"start":{"line":168,"column":22},"end":{"line":168,"column":52}},"loc":{"start":{"line":168,"column":77},"end":{"line":235,"column":1}},"line":168}},"branchMap":{"0":{"loc":{"start":{"line":34,"column":8},"end":{"line":37,"column":9}},"type":"if","locations":[{"start":{"line":34,"column":8},"end":{"line":37,"column":9}},{"start":{},"end":{}}],"line":34},"1":{"loc":{"start":{"line":39,"column":8},"end":{"line":42,"column":9}},"type":"if","locations":[{"start":{"line":39,"column":8},"end":{"line":42,"column":9}},{"start":{},"end":{}}],"line":39},"2":{"loc":{"start":{"line":58,"column":44},"end":{"line":58,"column":63}},"type":"default-arg","locations":[{"start":{"line":58,"column":51},"end":{"line":58,"column":63}}],"line":58},"3":{"loc":{"start":{"line":58,"column":65},"end":{"line":58,"column":88}},"type":"default-arg","locations":[{"start":{"line":58,"column":74},"end":{"line":58,"column":88}}],"line":58},"4":{"loc":{"start":{"line":133,"column":8},"end":{"line":135,"column":9}},"type":"if","locations":[{"start":{"line":133,"column":8},"end":{"line":135,"column":9}},{"start":{},"end":{}}],"line":133},"5":{"loc":{"start":{"line":151,"column":8},"end":{"line":156,"column":9}},"type":"if","locations":[{"start":{"line":151,"column":8},"end":{"line":156,"column":9}},{"start":{},"end":{}}],"line":151},"6":{"loc":{"start":{"line":151,"column":12},"end":{"line":151,"column":34}},"type":"binary-expr","locations":[{"start":{"line":151,"column":12},"end":{"line":151,"column":17}},{"start":{"line":151,"column":21},"end":{"line":151,"column":34}}],"line":151},"7":{"loc":{"start":{"line":153,"column":12},"end":{"line":155,"column":13}},"type":"if","locations":[{"start":{"line":153,"column":12},"end":{"line":155,"column":13}},{"start":{},"end":{}}],"line":153},"8":{"loc":{"start":{"line":172,"column":8},"end":{"line":175,"column":9}},"type":"if","locations":[{"start":{"line":172,"column":8},"end":{"line":175,"column":9}},{"start":{},"end":{}}],"line":172},"9":{"loc":{"start":{"line":178,"column":8},"end":{"line":181,"column":9}},"type":"if","locations":[{"start":{"line":178,"column":8},"end":{"line":181,"column":9}},{"start":{},"end":{}}],"line":178},"10":{"loc":{"start":{"line":189,"column":8},"end":{"line":192,"column":9}},"type":"if","locations":[{"start":{"line":189,"column":8},"end":{"line":192,"column":9}},{"start":{},"end":{}}],"line":189},"11":{"loc":{"start":{"line":198,"column":12},"end":{"line":205,"column":13}},"type":"if","locations":[{"start":{"line":198,"column":12},"end":{"line":205,"column":13}},{"start":{},"end":{}}],"line":198},"12":{"loc":{"start":{"line":201,"column":16},"end":{"line":204,"column":17}},"type":"if","locations":[{"start":{"line":201,"column":16},"end":{"line":204,"column":17}},{"start":{},"end":{}}],"line":201},"13":{"loc":{"start":{"line":222,"column":8},"end":{"line":230,"column":9}},"type":"if","locations":[{"start":{"line":222,"column":8},"end":{"line":230,"column":9}},{"start":{"line":227,"column":15},"end":{"line":230,"column":9}}],"line":222}},"s":{"0":1,"1":0,"2":1,"3":1,"4":1,"5":1,"6":1,"7":5,"8":5,"9":4,"10":4,"11":2,"12":2,"13":4,"14":1,"15":1,"16":3,"17":3,"18":1,"19":1,"20":4,"21":4,"22":4,"23":3,"24":3,"25":1,"26":1,"27":6,"28":6,"29":5,"30":1,"31":2,"32":2,"33":1,"34":1,"35":1,"36":1,"37":2,"38":2,"39":1,"40":1,"41":7,"42":7,"43":5,"44":3,"45":2,"46":2,"47":2,"48":4,"49":4,"50":4,"51":1,"52":1,"53":1,"54":0,"55":5,"56":5,"57":5,"58":1,"59":1,"60":4,"61":1,"62":1,"63":3,"64":3,"65":3,"66":3,"67":1,"68":1,"69":2,"70":2,"71":2,"72":1,"73":1,"74":1,"75":1,"76":1,"77":0,"78":1,"79":1,"80":1,"81":1,"82":1,"83":0,"84":0,"85":0,"86":0,"87":1},"f":{"0":0,"1":5,"2":4,"3":6,"4":2,"5":2,"6":7,"7":4,"8":5},"b":{"0":[2,2],"1":[1,3],"2":[1],"3":[1],"4":[3,2],"5":[1,3],"6":[4,2],"7":[1,0],"8":[1,4],"9":[1,3],"10":[1,2],"11":[1,1],"12":[1,0],"13":[1,0]},"_coverageSchema":"1a1c01bbd47fc00a2c39e90264f33305004495a9","hash":"62ab03dd37d2690080b3d85a5000a430a139376a"}
,"/Users/zack/Desktop/NeuroBloom/services/UserProfileService.js": {"path":"/Users/zack/Desktop/NeuroBloom/services/UserProfileService.js","statementMap":{"0":{"start":{"line":4,"column":20},"end":{"line":4,"column":46}},"1":{"start":{"line":21,"column":4},"end":{"line":29,"column":5}},"2":{"start":{"line":22,"column":26},"end":{"line":22,"column":53}},"3":{"start":{"line":23,"column":8},"end":{"line":23,"column":59}},"4":{"start":{"line":24,"column":8},"end":{"line":24,"column":58}},"5":{"start":{"line":25,"column":8},"end":{"line":25,"column":20}},"6":{"start":{"line":27,"column":8},"end":{"line":27,"column":61}},"7":{"start":{"line":28,"column":8},"end":{"line":28,"column":21}},"8":{"start":{"line":37,"column":4},"end":{"line":45,"column":5}},"9":{"start":{"line":38,"column":26},"end":{"line":38,"column":65}},"10":{"start":{"line":39,"column":24},"end":{"line":39,"column":72}},"11":{"start":{"line":40,"column":8},"end":{"line":40,"column":56}},"12":{"start":{"line":41,"column":8},"end":{"line":41,"column":23}},"13":{"start":{"line":43,"column":8},"end":{"line":43,"column":62}},"14":{"start":{"line":44,"column":8},"end":{"line":44,"column":20}},"15":{"start":{"line":53,"column":4},"end":{"line":60,"column":5}},"16":{"start":{"line":54,"column":8},"end":{"line":54,"column":51}},"17":{"start":{"line":55,"column":8},"end":{"line":55,"column":49}},"18":{"start":{"line":56,"column":8},"end":{"line":56,"column":20}},"19":{"start":{"line":58,"column":8},"end":{"line":58,"column":63}},"20":{"start":{"line":59,"column":8},"end":{"line":59,"column":21}},"21":{"start":{"line":69,"column":4},"end":{"line":71,"column":5}},"22":{"start":{"line":70,"column":8},"end":{"line":70,"column":48}},"23":{"start":{"line":73,"column":29},"end":{"line":78,"column":5}},"24":{"start":{"line":80,"column":24},"end":{"line":84,"column":5}},"25":{"start":{"line":86,"column":24},"end":{"line":88,"column":26}},"26":{"start":{"line":87,"column":41},"end":{"line":87,"column":69}},"27":{"start":{"line":90,"column":18},"end":{"line":95,"column":45}},"28":{"start":{"line":97,"column":4},"end":{"line":97,"column":19}}},"fnMap":{"0":{"name":"saveUserProfile","decl":{"start":{"line":20,"column":22},"end":{"line":20,"column":37}},"loc":{"start":{"line":20,"column":51},"end":{"line":30,"column":1}},"line":20},"1":{"name":"getUserProfile","decl":{"start":{"line":36,"column":22},"end":{"line":36,"column":36}},"loc":{"start":{"line":36,"column":39},"end":{"line":46,"column":1}},"line":36},"2":{"name":"clearUserProfile","decl":{"start":{"line":52,"column":22},"end":{"line":52,"column":38}},"loc":{"start":{"line":52,"column":41},"end":{"line":61,"column":1}},"line":52},"3":{"name":"formatProfileForAI","decl":{"start":{"line":68,"column":16},"end":{"line":68,"column":34}},"loc":{"start":{"line":68,"column":44},"end":{"line":98,"column":1}},"line":68},"4":{"name":"(anonymous_4)","decl":{"start":{"line":87,"column":34},"end":{"line":87,"column":35}},"loc":{"start":{"line":87,"column":41},"end":{"line":87,"column":69}},"line":87}},"branchMap":{"0":{"loc":{"start":{"line":39,"column":24},"end":{"line":39,"column":72}},"type":"cond-expr","locations":[{"start":{"line":39,"column":44},"end":{"line":39,"column":65}},{"start":{"line":39,"column":68},"end":{"line":39,"column":72}}],"line":39},"1":{"loc":{"start":{"line":69,"column":4},"end":{"line":71,"column":5}},"type":"if","locations":[{"start":{"line":69,"column":4},"end":{"line":71,"column":5}},{"start":{},"end":{}}],"line":69},"2":{"loc":{"start":{"line":86,"column":24},"end":{"line":88,"column":26}},"type":"cond-expr","locations":[{"start":{"line":87,"column":10},"end":{"line":87,"column":81}},{"start":{"line":88,"column":10},"end":{"line":88,"column":26}}],"line":86},"3":{"loc":{"start":{"line":86,"column":24},"end":{"line":86,"column":92}},"type":"binary-expr","locations":[{"start":{"line":86,"column":24},"end":{"line":86,"column":58}},{"start":{"line":86,"column":62},"end":{"line":86,"column":92}}],"line":86},"4":{"loc":{"start":{"line":87,"column":41},"end":{"line":87,"column":69}},"type":"binary-expr","locations":[{"start":{"line":87,"column":41},"end":{"line":87,"column":62}},{"start":{"line":87,"column":66},"end":{"line":87,"column":69}}],"line":87},"5":{"loc":{"start":{"line":91,"column":10},"end":{"line":91,"column":71}},"type":"cond-expr","locations":[{"start":{"line":91,"column":40},"end":{"line":91,"column":57}},{"start":{"line":91,"column":60},"end":{"line":91,"column":71}}],"line":91},"6":{"loc":{"start":{"line":92,"column":17},"end":{"line":92,"column":54}},"type":"binary-expr","locations":[{"start":{"line":92,"column":17},"end":{"line":92,"column":35}},{"start":{"line":92,"column":39},"end":{"line":92,"column":54}}],"line":92},"7":{"loc":{"start":{"line":94,"column":20},"end":{"line":94,"column":98}},"type":"binary-expr","locations":[{"start":{"line":94,"column":20},"end":{"line":94,"column":54}},{"start":{"line":94,"column":58},"end":{"line":94,"column":79}},{"start":{"line":94,"column":83},"end":{"line":94,"column":98}}],"line":94},"8":{"loc":{"start":{"line":95,"column":11},"end":{"line":95,"column":43}},"type":"binary-expr","locations":[{"start":{"line":95,"column":11},"end":{"line":95,"column":24}},{"start":{"line":95,"column":28},"end":{"line":95,"column":43}}],"line":95}},"s":{"0":1,"1":4,"2":4,"3":4,"4":3,"5":3,"6":1,"7":1,"8":5,"9":5,"10":4,"11":3,"12":3,"13":2,"14":2,"15":2,"16":2,"17":1,"18":1,"19":1,"20":1,"21":10,"22":2,"23":8,"24":8,"25":8,"26":9,"27":8,"28":8},"f":{"0":4,"1":5,"2":2,"3":10,"4":9},"b":{"0":[3,1],"1":[2,8],"2":[4,4],"3":[8,5],"4":[9,1],"5":[7,1],"6":[8,6],"7":[8,4,4],"8":[8,6]},"_coverageSchema":"1a1c01bbd47fc00a2c39e90264f33305004495a9","hash":"c83da9a0aded7a2fabcf2437c5182bb1faf6a360"}
}
