TN:
SF:components/Button.js
FN:5,(anonymous_0)
FN:11,(anonymous_1)
FNF:2
FNH:2
FNDA:11,(anonymous_0)
FNDA:11,(anonymous_1)
DA:5,1
DA:6,11
DA:11,1
DA:12,11
DA:17,1
LF:5
LH:5
BRF:0
BRH:0
end_of_record
TN:
SF:components/ScreenWrapper.js
FN:6,ScreenWrapper
FNF:1
FNH:1
FNDA:8,ScreenWrapper
DA:7,8
DA:16,1
LF:2
LH:2
BRF:0
BRH:0
end_of_record
TN:
SF:components/TabBar.js
FN:5,TabBar
FN:8,(anonymous_1)
FN:19,(anonymous_2)
FN:31,(anonymous_3)
FNF:4
FNH:4
FNDA:18,TabBar
FNDA:57,(anonymous_1)
FNDA:4,(anonymous_2)
FNDA:1,(anonymous_3)
DA:6,18
DA:9,57
DA:11,57
DA:17,57
DA:19,57
DA:20,4
DA:26,4
DA:27,2
DA:31,57
DA:32,1
DA:39,57
DA:40,39
DA:41,26
DA:42,13
DA:44,57
DA:46,57
DA:70,1
LF:17
LH:17
BRDA:11,0,0,55
BRDA:11,0,1,2
BRDA:13,1,0,1
BRDA:13,1,1,1
BRDA:26,2,0,2
BRDA:26,2,1,2
BRDA:26,3,0,4
BRDA:26,3,1,3
BRDA:39,4,0,18
BRDA:39,4,1,39
BRDA:40,5,0,13
BRDA:40,5,1,26
BRDA:41,6,0,13
BRDA:41,6,1,13
BRDA:42,7,0,13
BRDA:42,7,1,0
BRDA:44,8,0,18
BRDA:44,8,1,39
BRDA:50,9,0,18
BRDA:50,9,1,39
BRDA:57,10,0,57
BRDA:57,10,1,18
BRDA:58,11,0,18
BRDA:58,11,1,39
BRDA:60,12,0,57
BRDA:60,12,1,18
BRF:26
BRH:25
end_of_record
TN:
SF:constants/Colors.js
FNF:0
FNH:0
DA:1,4
LF:1
LH:1
BRF:0
BRH:0
end_of_record
TN:
SF:constants/Config.js
FN:4,getConfigValue
FNF:1
FNH:1
FNDA:3,getConfigValue
DA:8,3
DA:9,3
DA:11,3
DA:12,3
DA:14,3
DA:16,3
DA:19,1
DA:33,1
LF:8
LH:8
BRDA:11,0,0,3
BRDA:11,0,1,3
BRDA:11,0,2,3
BRDA:12,1,0,0
BRDA:12,1,1,3
BRDA:12,2,0,0
BRDA:12,2,1,3
BRDA:14,3,0,0
BRDA:14,3,1,3
BRDA:34,4,0,0
BRDA:34,4,1,1
BRDA:35,5,0,1
BRDA:35,5,1,0
BRF:13
BRH:8
end_of_record
TN:
SF:constants/Typography.js
FNF:0
FNH:0
DA:1,1
LF:1
LH:1
BRF:0
BRH:0
end_of_record
TN:
SF:services/CareTeamService.js
FN:13,generateInvitationCode
FN:28,createAccessRequest
FN:50,getAccessRequestByToken
FN:70,acceptAccessRequest
FN:101,createInvitation
FN:131,acceptInvitation
FN:162,declineInvitation
FN:190,getLinkedCaregivers
FN:200,(anonymous_8)
FN:201,(anonymous_9)
FN:222,getLinkedSurvivors
FN:232,(anonymous_11)
FN:233,(anonymous_12)
FN:253,getPendingInvitations
FN:262,(anonymous_14)
FN:263,(anonymous_15)
FN:283,getSurvivorProgress
FN:330,calculateProgressStats
FN:349,(anonymous_18)
FN:369,(anonymous_19)
FN:401,removeCareTeamLink
FN:423,updatePermissions
FNF:22
FNH:22
FNDA:12,generateInvitationCode
FNDA:3,createAccessRequest
FNDA:3,getAccessRequestByToken
FNDA:3,acceptAccessRequest
FNDA:12,createInvitation
FNDA:3,acceptInvitation
FNDA:4,declineInvitation
FNDA:2,getLinkedCaregivers
FNDA:3,(anonymous_8)
FNDA:2,(anonymous_9)
FNDA:1,getLinkedSurvivors
FNDA:1,(anonymous_11)
FNDA:1,(anonymous_12)
FNDA:3,getPendingInvitations
FNDA:3,(anonymous_14)
FNDA:2,(anonymous_15)
FNDA:7,getSurvivorProgress
FNDA:3,calculateProgressStats
FNDA:4,(anonymous_18)
FNDA:2,(anonymous_19)
FNDA:3,removeCareTeamLink
FNDA:2,updatePermissions
DA:14,12
DA:15,12
DA:16,12
DA:17,96
DA:19,12
DA:29,3
DA:30,3
DA:32,2
DA:33,1
DA:34,1
DA:37,1
DA:38,1
DA:40,1
DA:41,1
DA:51,3
DA:52,3
DA:54,2
DA:55,1
DA:58,1
DA:60,1
DA:71,3
DA:72,3
DA:74,2
DA:75,1
DA:76,1
DA:79,1
DA:80,1
DA:90,1
DA:91,1
DA:102,12
DA:103,12
DA:105,12
DA:112,12
DA:113,1
DA:114,1
DA:117,11
DA:118,11
DA:120,0
DA:121,0
DA:132,3
DA:134,3
DA:136,3
DA:137,2
DA:138,2
DA:141,1
DA:142,1
DA:151,0
DA:152,0
DA:163,4
DA:164,4
DA:166,3
DA:167,1
DA:170,2
DA:175,2
DA:176,1
DA:179,1
DA:181,1
DA:191,2
DA:192,2
DA:194,2
DA:195,1
DA:199,1
DA:200,3
DA:201,2
DA:211,1
DA:213,0
DA:223,1
DA:224,1
DA:226,1
DA:227,0
DA:231,1
DA:232,1
DA:233,1
DA:242,1
DA:244,0
DA:254,3
DA:255,3
DA:257,2
DA:258,1
DA:261,1
DA:262,3
DA:263,2
DA:270,1
DA:272,1
DA:284,7
DA:286,7
DA:288,6
DA:289,2
DA:293,4
DA:295,4
DA:296,1
DA:300,3
DA:301,3
DA:304,3
DA:306,3
DA:321,1
DA:331,3
DA:332,1
DA:342,2
DA:344,2
DA:345,2
DA:346,2
DA:347,2
DA:349,2
DA:350,4
DA:351,4
DA:352,4
DA:354,4
DA:355,2
DA:356,2
DA:358,4
DA:359,2
DA:360,2
DA:362,4
DA:363,4
DA:368,2
DA:369,2
DA:370,2
DA:372,2
DA:373,3
DA:374,3
DA:375,3
DA:376,3
DA:378,3
DA:379,2
DA:381,1
DA:385,2
DA:402,3
DA:403,3
DA:405,2
DA:406,1
DA:409,1
DA:410,1
DA:412,1
DA:424,2
DA:425,2
DA:427,1
DA:428,1
DA:431,0
DA:433,1
DA:437,1
LF:141
LH:133
BRDA:32,0,0,1
BRDA:32,0,1,1
BRDA:54,1,0,1
BRDA:54,1,1,1
BRDA:74,2,0,1
BRDA:74,2,1,1
BRDA:101,3,0,11
BRDA:112,4,0,1
BRDA:112,4,1,11
BRDA:136,5,0,2
BRDA:136,5,1,1
BRDA:166,6,0,1
BRDA:166,6,1,2
BRDA:166,7,0,3
BRDA:166,7,1,2
BRDA:175,8,0,1
BRDA:175,8,1,1
BRDA:194,9,0,1
BRDA:194,9,1,1
BRDA:199,10,0,1
BRDA:199,10,1,0
BRDA:204,11,0,2
BRDA:204,11,1,0
BRDA:226,12,0,0
BRDA:226,12,1,1
BRDA:231,13,0,1
BRDA:231,13,1,0
BRDA:236,14,0,1
BRDA:236,14,1,0
BRDA:257,15,0,1
BRDA:257,15,1,1
BRDA:261,16,0,1
BRDA:261,16,1,0
BRDA:283,17,0,7
BRDA:288,18,0,2
BRDA:288,18,1,4
BRDA:288,19,0,6
BRDA:288,19,1,6
BRDA:288,19,2,5
BRDA:295,20,0,1
BRDA:295,20,1,3
BRDA:310,21,0,3
BRDA:310,21,1,0
BRDA:331,22,0,1
BRDA:331,22,1,2
BRDA:331,23,0,3
BRDA:331,23,1,3
BRDA:350,24,0,4
BRDA:350,24,1,0
BRDA:350,25,0,4
BRDA:350,25,1,4
BRDA:354,26,0,2
BRDA:354,26,1,2
BRDA:354,27,0,4
BRDA:354,27,1,4
BRDA:358,28,0,2
BRDA:358,28,1,2
BRDA:358,29,0,4
BRDA:358,29,1,4
BRDA:362,30,0,4
BRDA:362,30,1,0
BRDA:378,31,0,2
BRDA:378,31,1,1
BRDA:387,32,0,2
BRDA:387,32,1,0
BRDA:388,33,0,1
BRDA:388,33,1,1
BRDA:389,34,0,1
BRDA:389,34,1,1
BRDA:405,35,0,1
BRDA:405,35,1,1
BRDA:427,36,0,1
BRDA:427,36,1,0
BRF:73
BRH:62
end_of_record
TN:
SF:services/KudosService.js
FN:8,(anonymous_0)
FN:33,(anonymous_1)
FN:59,(anonymous_2)
FN:79,(anonymous_3)
FN:99,(anonymous_4)
FN:115,(anonymous_5)
FNF:6
FNH:6
FNDA:1,(anonymous_0)
FNDA:1,(anonymous_1)
FNDA:1,(anonymous_2)
FNDA:1,(anonymous_3)
FNDA:8,(anonymous_4)
FNDA:8,(anonymous_5)
DA:4,1
DA:9,1
DA:10,1
DA:22,0
DA:23,0
DA:25,1
DA:26,1
DA:34,1
DA:35,1
DA:48,0
DA:49,0
DA:51,1
DA:52,1
DA:60,1
DA:61,1
DA:68,0
DA:69,0
DA:71,1
DA:72,1
DA:80,1
DA:81,1
DA:88,0
DA:89,0
DA:91,1
DA:92,1
DA:100,8
DA:109,8
DA:116,8
DA:125,8
LF:29
LH:21
BRDA:8,0,0,1
BRDA:22,1,0,0
BRDA:22,1,1,0
BRDA:48,2,0,0
BRDA:48,2,1,0
BRDA:49,3,0,0
BRDA:49,3,1,0
BRDA:68,4,0,0
BRDA:68,4,1,0
BRDA:88,5,0,0
BRDA:88,5,1,0
BRDA:89,6,0,0
BRDA:89,6,1,0
BRDA:109,7,0,8
BRDA:109,7,1,1
BRDA:125,8,0,8
BRDA:125,8,1,1
BRF:17
BRH:5
end_of_record
TN:
SF:services/LillyService.js
FN:10,sendMessage
FN:26,(anonymous_1)
FNF:2
FNH:2
FNDA:7,sendMessage
FNDA:47,(anonymous_1)
DA:11,7
DA:12,7
DA:15,7
DA:26,47
DA:27,7
DA:28,2
DA:29,2
DA:35,5
DA:36,5
DA:39,5
DA:45,4
DA:46,1
DA:47,1
DA:52,3
DA:53,1
DA:54,1
DA:59,2
DA:60,2
DA:63,1
DA:64,1
LF:20
LH:20
BRDA:10,0,0,0
BRDA:10,1,0,6
BRDA:27,2,0,2
BRDA:27,2,1,5
BRDA:45,3,0,1
BRDA:45,3,1,3
BRDA:52,4,0,1
BRDA:52,4,1,2
BRDA:52,5,0,3
BRDA:52,5,1,2
BRF:10
BRH:9
end_of_record
TN:
SF:services/NotificationService.js
FN:10,(anonymous_0)
FN:29,requestPermissions
FN:58,scheduleDailyReminder
FN:89,cancelAllReminders
FN:102,getScheduledNotifications
FN:117,saveNotificationPrefs
FN:130,loadNotificationPrefs
FN:147,initializeNotifications
FN:168,checkAndSendInactivityReminder
FNF:9
FNH:8
FNDA:0,(anonymous_0)
FNDA:5,requestPermissions
FNDA:4,scheduleDailyReminder
FNDA:6,cancelAllReminders
FNDA:2,getScheduledNotifications
FNDA:2,saveNotificationPrefs
FNDA:7,loadNotificationPrefs
FNDA:4,initializeNotifications
FNDA:5,checkAndSendInactivityReminder
DA:9,1
DA:10,0
DA:17,1
DA:18,1
DA:19,1
DA:22,1
DA:23,1
DA:30,5
DA:31,5
DA:32,4
DA:34,4
DA:35,2
DA:36,2
DA:39,4
DA:40,1
DA:41,1
DA:44,3
DA:45,3
DA:47,1
DA:48,1
DA:59,4
DA:61,4
DA:64,4
DA:78,3
DA:79,3
DA:81,1
DA:82,1
DA:90,6
DA:91,6
DA:92,5
DA:94,1
DA:103,2
DA:104,2
DA:105,1
DA:106,1
DA:108,1
DA:109,1
DA:118,2
DA:119,2
DA:120,1
DA:122,1
DA:131,7
DA:132,7
DA:133,5
DA:134,3
DA:136,2
DA:138,2
DA:139,2
DA:148,4
DA:149,4
DA:151,4
DA:152,1
DA:153,1
DA:154,1
DA:158,0
DA:169,5
DA:171,5
DA:172,5
DA:173,1
DA:174,1
DA:178,4
DA:179,1
DA:180,1
DA:184,3
DA:185,3
DA:186,3
DA:189,3
DA:190,1
DA:191,1
DA:196,2
DA:197,2
DA:198,2
DA:199,1
DA:200,1
DA:201,1
DA:202,1
DA:203,1
DA:207,0
DA:212,1
DA:222,1
DA:224,1
DA:225,1
DA:226,1
DA:228,0
DA:229,0
DA:232,0
DA:233,0
DA:237,1
LF:88
LH:81
BRDA:34,0,0,2
BRDA:34,0,1,2
BRDA:39,1,0,1
BRDA:39,1,1,3
BRDA:58,2,0,1
BRDA:58,3,0,1
BRDA:133,4,0,3
BRDA:133,4,1,2
BRDA:151,5,0,1
BRDA:151,5,1,3
BRDA:151,6,0,4
BRDA:151,6,1,2
BRDA:153,7,0,1
BRDA:153,7,1,0
BRDA:172,8,0,1
BRDA:172,8,1,4
BRDA:178,9,0,1
BRDA:178,9,1,3
BRDA:189,10,0,1
BRDA:189,10,1,2
BRDA:198,11,0,1
BRDA:198,11,1,1
BRDA:201,12,0,1
BRDA:201,12,1,0
BRDA:222,13,0,1
BRDA:222,13,1,0
BRF:26
BRH:23
end_of_record
TN:
SF:services/UserProfileService.js
FN:20,saveUserProfile
FN:36,getUserProfile
FN:52,clearUserProfile
FN:68,formatProfileForAI
FN:87,(anonymous_4)
FNF:5
FNH:5
FNDA:4,saveUserProfile
FNDA:5,getUserProfile
FNDA:2,clearUserProfile
FNDA:10,formatProfileForAI
FNDA:9,(anonymous_4)
DA:4,1
DA:21,4
DA:22,4
DA:23,4
DA:24,3
DA:25,3
DA:27,1
DA:28,1
DA:37,5
DA:38,5
DA:39,4
DA:40,3
DA:41,3
DA:43,2
DA:44,2
DA:53,2
DA:54,2
DA:55,1
DA:56,1
DA:58,1
DA:59,1
DA:69,10
DA:70,2
DA:73,8
DA:80,8
DA:86,8
DA:87,9
DA:90,8
DA:97,8
LF:29
LH:29
BRDA:39,0,0,3
BRDA:39,0,1,1
BRDA:69,1,0,2
BRDA:69,1,1,8
BRDA:86,2,0,4
BRDA:86,2,1,4
BRDA:86,3,0,8
BRDA:86,3,1,5
BRDA:87,4,0,9
BRDA:87,4,1,1
BRDA:91,5,0,7
BRDA:91,5,1,1
BRDA:92,6,0,8
BRDA:92,6,1,6
BRDA:94,7,0,8
BRDA:94,7,1,4
BRDA:94,7,2,4
BRDA:95,8,0,8
BRDA:95,8,1,6
BRF:19
BRH:19
end_of_record
