TN:
SF:constants/exerciseMetadata.js
FNF:0
FNH:0
DA:4,2
DA:92,2
LF:2
LH:2
BRF:0
BRH:0
end_of_record
TN:
SF:services/RecommendationService.js
FN:15,getRecommendedExercises
FN:28,(anonymous_1)
FN:69,(anonymous_2)
FN:70,(anonymous_3)
FN:72,(anonymous_4)
FN:78,(anonymous_5)
FN:95,getDailyPlan
FN:115,getBadDayPlan
FN:119,(anonymous_8)
FNF:9
FNH:9
FNDA:14,getRecommendedExercises
FNDA:84,(anonymous_1)
FNDA:84,(anonymous_2)
FNDA:125,(anonymous_3)
FNDA:57,(anonymous_4)
FNDA:74,(anonymous_5)
FNDA:13,getDailyPlan
FNDA:8,getBadDayPlan
FNDA:20,(anonymous_8)
DA:16,14
DA:18,13
DA:21,13
DA:22,13
DA:24,12
DA:25,12
DA:28,12
DA:29,84
DA:30,84
DA:33,84
DA:34,7
DA:35,3
DA:38,81
DA:39,1
DA:41,80
DA:42,6
DA:46,74
DA:49,74
DA:50,81
DA:51,75
DA:56,74
DA:59,74
DA:60,6
DA:63,74
DA:65,74
DA:69,84
DA:70,125
DA:72,57
DA:78,74
DA:85,12
DA:96,13
DA:97,11
DA:100,10
DA:101,10
DA:102,10
DA:103,40
DA:105,10
DA:116,8
DA:119,20
DA:120,5
DA:123,4
DA:124,4
DA:125,4
DA:126,7
DA:128,4
LF:45
LH:45
BRDA:16,0,0,1
BRDA:16,0,1,13
BRDA:21,1,0,13
BRDA:21,1,1,12
BRDA:21,1,2,1
BRDA:21,1,3,1
BRDA:21,1,4,1
BRDA:22,2,0,1
BRDA:22,2,1,12
BRDA:24,3,0,12
BRDA:24,3,1,0
BRDA:25,4,0,12
BRDA:25,4,1,0
BRDA:30,5,0,0
BRDA:30,5,1,84
BRDA:33,6,0,7
BRDA:33,6,1,77
BRDA:34,7,0,3
BRDA:34,7,1,4
BRDA:34,8,0,7
BRDA:34,8,1,4
BRDA:34,8,2,4
BRDA:38,9,0,1
BRDA:38,9,1,80
BRDA:38,10,0,81
BRDA:38,10,1,7
BRDA:41,11,0,6
BRDA:41,11,1,74
BRDA:41,12,0,80
BRDA:41,12,1,14
BRDA:50,13,0,75
BRDA:50,13,1,6
BRDA:56,14,0,74
BRDA:56,14,1,0
BRDA:59,15,0,6
BRDA:59,15,1,68
BRDA:59,16,0,74
BRDA:59,16,1,32
BRDA:59,16,2,12
BRDA:59,16,3,9
BRDA:63,17,0,74
BRDA:63,17,1,0
BRDA:95,18,0,0
BRDA:96,19,0,2
BRDA:96,19,1,11
BRDA:96,20,0,13
BRDA:96,20,1,12
BRDA:97,21,0,1
BRDA:97,21,1,10
BRDA:115,22,0,0
BRDA:116,23,0,3
BRDA:116,23,1,5
BRDA:116,24,0,8
BRDA:116,24,1,7
BRDA:120,25,0,1
BRDA:120,25,1,4
BRF:56
BRH:49
end_of_record
